{"SELECT COUNT(*) FROM movie_keyword": 7480087, "\nSELECT mi.movie_id, COUNT(*)\nFROM movie_info AS mi\nGROUP BY mi.movie_id\nORDER BY count DESC, mi.movie_id\nLIMIT 15": [[2440411, 2997], [3874780, 1821], [2439893, 1720], [4352970, 1664], [4478296, 1409], [4558544, 1406], [2900914, 1378], [2592123, 1364], [2440020, 1253], [4398693, 1242], [4353098, 1076], [2812338, 1069], [3834995, 1037], [4433042, 1022], [3858435, 998]], "\nSELECT t.id, COUNT(*)\nFROM title AS t\nGROUP BY t.id\nORDER BY count DESC, t.id\nLIMIT 15": [[1, 1], [2, 1], [3, 1], [4, 1], [5, 1], [6, 1], [7, 1], [8, 1], [9, 1], [10, 1], [11, 1], [12, 1], [13, 1], [14, 1], [15, 1]], "SELECT COUNT(*) FROM movie_info": 24988010, "SELECT COUNT(*) FROM title": 4736114, "\nSELECT mk.keyword_id, COUNT(*)\nFROM movie_keyword AS mk\nGROUP BY mk.keyword_id\nORDER BY count DESC, mk.keyword_id\nLIMIT 15": [[1078, 88282], [2937, 76231], [299, 43721], [328, 39455], [1105, 30600], [1138, 28477], [113, 26691], [13128, 22928], [6, 21560], [4619, 20613], [7523, 17205], [30, 16526], [601, 16029], [3416, 16018], [1, 15789]], "\nSELECT k.id, COUNT(*)\nFROM keyword AS k\nGROUP BY k.id\nORDER BY count DESC, k.id\nLIMIT 15": [[1, 1], [2, 1], [3, 1], [4, 1], [5, 1], [6, 1], [7, 1], [8, 1], [9, 1], [10, 1], [11, 1], [12, 1], [13, 1], [14, 1], [15, 1]], "SELECT COUNT(*) FROM keyword": 236627, "\nSELECT mk.movie_id, COUNT(*)\nFROM movie_keyword AS mk\nGROUP BY mk.movie_id\nORDER BY count DESC, mk.movie_id\nLIMIT 15": [[4155856, 976], [4419547, 892], [3296957, 754], [4507518, 682], [4541060, 662], [3937759, 634], [4433042, 615], [3411786, 600], [4330613, 580], [3397587, 563], [4341918, 555], [3560723, 554], [3837192, 549], [3740118, 547], [3928209, 545]], "SELECT COUNT(*) FROM movie_info_idx": 2367725, "\nSELECT mc.company_type_id, COUNT(*)\nFROM movie_companies AS mc\nGROUP BY mc.company_type_id\nORDER BY count DESC, mc.company_type_id\nLIMIT 15": [[2, 2909468], [1, 2048828]], "\nSELECT ct.id, COUNT(*)\nFROM company_type AS ct\nGROUP BY ct.id\nORDER BY count DESC, ct.id\nLIMIT 15": [[1, 1], [2, 1], [3, 1], [4, 1]], "SELECT COUNT(*) FROM movie_companies": 4958296, "SELECT COUNT(*) FROM company_type": 4, "\nSELECT mc.movie_id, COUNT(*)\nFROM movie_companies AS mc\nGROUP BY mc.movie_id\nORDER BY count DESC, mc.movie_id\nLIMIT 15": [[4398693, 151], [4100607, 129], [2431984, 128], [3849542, 126], [1078837, 116], [1436669, 110], [3511238, 106], [3785101, 93], [3486711, 91], [3240309, 90], [2841789, 88], [4352970, 88], [4239233, 87], [3440922, 86], [3821309, 85]], "\nSELECT mi_idx.info_type_id, COUNT(*)\nFROM movie_info_idx AS mi_idx\nGROUP BY mi_idx.info_type_id\nORDER BY count DESC, mi_idx.info_type_id\nLIMIT 15": [[99, 789155], [100, 789155], [101, 789155], [112, 250], [113, 10]], "\nSELECT it.id, COUNT(*)\nFROM info_type AS it\nGROUP BY it.id\nORDER BY count DESC, it.id\nLIMIT 15": [[1, 1], [2, 1], [3, 1], [4, 1], [5, 1], [6, 1], [7, 1], [8, 1], [9, 1], [10, 1], [11, 1], [12, 1], [13, 1], [14, 1], [15, 1]], "SELECT COUNT(*) FROM info_type": 113, "\nSELECT mi_idx.movie_id, COUNT(*)\nFROM movie_info_idx AS mi_idx\nGROUP BY mi_idx.movie_id\nORDER BY count DESC, mi_idx.movie_id\nLIMIT 15": [[3284115, 4], [3284317, 4], [3288546, 4], [3291615, 4], [3297767, 4], [3299117, 4], [3301810, 4], [3323694, 4], [3339001, 4], [3346420, 4], [3346803, 4], [3347417, 4], [3354171, 4], [3356612, 4], [3357218, 4]], "SELECT COUNT(*) FROM aka_title": 528268, "\nSELECT at.movie_id, COUNT(*)\nFROM aka_title AS at\nGROUP BY at.movie_id\nORDER BY count DESC, at.movie_id\nLIMIT 15": [[942485, 47], [3892709, 47], [1883131, 43], [2494415, 37], [2820999, 36], [317444, 35], [2170218, 34], [3355309, 31], [3985967, 30], [2378414, 29], [4468313, 28], [2817135, 25], [3921549, 25], [3337740, 24], [1182643, 23]], "\nSELECT mc.company_id, COUNT(*)\nFROM movie_companies AS mc\nGROUP BY mc.company_id\nORDER BY count DESC, mc.company_id\nLIMIT 15": [[67, 71942], [84, 66649], [97, 51024], [288, 45794], [104, 20960], [313, 19545], [209, 19261], [75, 17906], [21231, 13907], [21320, 13882], [405, 13719], [741, 13136], [1031, 13028], [263, 12251], [10, 12235]], "\nSELECT cn.id, COUNT(*)\nFROM company_name AS cn\nGROUP BY cn.id\nORDER BY count DESC, cn.id\nLIMIT 15": [[1, 1], [2, 1], [3, 1], [4, 1], [5, 1], [6, 1], [7, 1], [8, 1], [9, 1], [10, 1], [11, 1], [12, 1], [13, 1], [14, 1], [15, 1]], "SELECT COUNT(*) FROM company_name": 362131, "\nSELECT mi.info_type_id, COUNT(*)\nFROM movie_info AS mi\nGROUP BY mi.info_type_id\nORDER BY count DESC, mi.info_type_id\nLIMIT 15": [[16, 5433157], [3, 2658937], [8, 2204796], [4, 2173773], [2, 2138694], [7, 1896690], [1, 1517393], [18, 1241695], [5, 924905], [17, 865762], [15, 860231], [6, 712356], [98, 553638], [13, 298735], [105, 271085]], "\nSELECT it1.id, COUNT(*)\nFROM info_type AS it1\nGROUP BY it1.id\nORDER BY count DESC, it1.id\nLIMIT 15": [[1, 1], [2, 1], [3, 1], [4, 1], [5, 1], [6, 1], [7, 1], [8, 1], [9, 1], [10, 1], [11, 1], [12, 1], [13, 1], [14, 1], [15, 1]], "SELECT COUNT(*) FROM complete_cast": 135086, "\nSELECT cc.movie_id, COUNT(*)\nFROM complete_cast AS cc\nGROUP BY cc.movie_id\nORDER BY count DESC, cc.movie_id\nLIMIT 15": [[1781, 2], [1783, 2], [1784, 2], [1785, 2], [1786, 2], [1787, 2], [1788, 2], [1790, 2], [1792, 2], [1793, 2], [1794, 2], [1796, 2], [1800, 2], [1801, 2], [1802, 2]], "\nSELECT cc.subject_id, COUNT(*)\nFROM complete_cast AS cc\nGROUP BY cc.subject_id\nORDER BY count DESC, cc.subject_id\nLIMIT 15": [[1, 85941], [2, 49145]], "\nSELECT cct1.id, COUNT(*)\nFROM comp_cast_type AS cct1\nGROUP BY cct1.id\nORDER BY count DESC, cct1.id\nLIMIT 15": [[1, 1], [2, 1], [3, 1], [4, 1]], "SELECT COUNT(*) FROM comp_cast_type": 4, "\nSELECT cc.status_id, COUNT(*)\nFROM complete_cast AS cc\nGROUP BY cc.status_id\nORDER BY count DESC, cc.status_id\nLIMIT 15": [[3, 110494], [4, 24592]], "\nSELECT cct2.id, COUNT(*)\nFROM comp_cast_type AS cct2\nGROUP BY cct2.id\nORDER BY count DESC, cct2.id\nLIMIT 15": [[1, 1], [2, 1], [3, 1], [4, 1]], "\nSELECT it2.id, COUNT(*)\nFROM info_type AS it2\nGROUP BY it2.id\nORDER BY count DESC, it2.id\nLIMIT 15": [[1, 1], [2, 1], [3, 1], [4, 1], [5, 1], [6, 1], [7, 1], [8, 1], [9, 1], [10, 1], [11, 1], [12, 1], [13, 1], [14, 1], [15, 1]], "\nSELECT t.kind_id, COUNT(*)\nFROM title AS t\nGROUP BY t.kind_id\nORDER BY count DESC, t.kind_id\nLIMIT 15": [[7, 3145123], [1, 1077496], [4, 190141], [2, 161527], [3, 141093], [6, 20734]], "\nSELECT kt.id, COUNT(*)\nFROM kind_type AS kt\nGROUP BY kt.id\nORDER BY count DESC, kt.id\nLIMIT 15": [[1, 1], [2, 1], [3, 1], [4, 1], [5, 1], [6, 1], [7, 1]], "SELECT COUNT(*) FROM movie_link": 29997, "\nSELECT mc1.company_id, COUNT(*)\nFROM movie_companies AS mc1\nGROUP BY mc1.company_id\nORDER BY count DESC, mc1.company_id\nLIMIT 15": [[67, 71942], [84, 66649], [97, 51024], [288, 45794], [104, 20960], [313, 19545], [209, 19261], [75, 17906], [21231, 13907], [21320, 13882], [405, 13719], [741, 13136], [1031, 13028], [263, 12251], [10, 12235]], "\nSELECT cn1.id, COUNT(*)\nFROM company_name AS cn1\nGROUP BY cn1.id\nORDER BY count DESC, cn1.id\nLIMIT 15": [[1, 1], [2, 1], [3, 1], [4, 1], [5, 1], [6, 1], [7, 1], [8, 1], [9, 1], [10, 1], [11, 1], [12, 1], [13, 1], [14, 1], [15, 1]], "\nSELECT mc1.movie_id, COUNT(*)\nFROM movie_companies AS mc1\nGROUP BY mc1.movie_id\nORDER BY count DESC, mc1.movie_id\nLIMIT 15": [[4398693, 151], [4100607, 129], [2431984, 128], [3849542, 126], [1078837, 116], [1436669, 110], [3511238, 106], [3785101, 93], [3486711, 91], [3240309, 90], [2841789, 88], [4352970, 88], [4239233, 87], [3440922, 86], [3821309, 85]], "\nSELECT t1.id, COUNT(*)\nFROM title AS t1\nGROUP BY t1.id\nORDER BY count DESC, t1.id\nLIMIT 15": [[1, 1], [2, 1], [3, 1], [4, 1], [5, 1], [6, 1], [7, 1], [8, 1], [9, 1], [10, 1], [11, 1], [12, 1], [13, 1], [14, 1], [15, 1]], "\nSELECT mc2.company_id, COUNT(*)\nFROM movie_companies AS mc2\nGROUP BY mc2.company_id\nORDER BY count DESC, mc2.company_id\nLIMIT 15": [[67, 71942], [84, 66649], [97, 51024], [288, 45794], [104, 20960], [313, 19545], [209, 19261], [75, 17906], [21231, 13907], [21320, 13882], [405, 13719], [741, 13136], [1031, 13028], [263, 12251], [10, 12235]], "\nSELECT cn2.id, COUNT(*)\nFROM company_name AS cn2\nGROUP BY cn2.id\nORDER BY count DESC, cn2.id\nLIMIT 15": [[1, 1], [2, 1], [3, 1], [4, 1], [5, 1], [6, 1], [7, 1], [8, 1], [9, 1], [10, 1], [11, 1], [12, 1], [13, 1], [14, 1], [15, 1]], "\nSELECT mc2.movie_id, COUNT(*)\nFROM movie_companies AS mc2\nGROUP BY mc2.movie_id\nORDER BY count DESC, mc2.movie_id\nLIMIT 15": [[4398693, 151], [4100607, 129], [2431984, 128], [3849542, 126], [1078837, 116], [1436669, 110], [3511238, 106], [3785101, 93], [3486711, 91], [3240309, 90], [2841789, 88], [4352970, 88], [4239233, 87], [3440922, 86], [3821309, 85]], "\nSELECT t2.id, COUNT(*)\nFROM title AS t2\nGROUP BY t2.id\nORDER BY count DESC, t2.id\nLIMIT 15": [[1, 1], [2, 1], [3, 1], [4, 1], [5, 1], [6, 1], [7, 1], [8, 1], [9, 1], [10, 1], [11, 1], [12, 1], [13, 1], [14, 1], [15, 1]], "\nSELECT mi_idx1.info_type_id, COUNT(*)\nFROM movie_info_idx AS mi_idx1\nGROUP BY mi_idx1.info_type_id\nORDER BY count DESC, mi_idx1.info_type_id\nLIMIT 15": [[99, 789155], [100, 789155], [101, 789155], [112, 250], [113, 10]], "\nSELECT mi_idx1.movie_id, COUNT(*)\nFROM movie_info_idx AS mi_idx1\nGROUP BY mi_idx1.movie_id\nORDER BY count DESC, mi_idx1.movie_id\nLIMIT 15": [[3284115, 4], [3284317, 4], [3288546, 4], [3291615, 4], [3297767, 4], [3299117, 4], [3301810, 4], [3323694, 4], [3339001, 4], [3346420, 4], [3346803, 4], [3347417, 4], [3354171, 4], [3356612, 4], [3357218, 4]], "\nSELECT mi_idx2.info_type_id, COUNT(*)\nFROM movie_info_idx AS mi_idx2\nGROUP BY mi_idx2.info_type_id\nORDER BY count DESC, mi_idx2.info_type_id\nLIMIT 15": [[99, 789155], [100, 789155], [101, 789155], [112, 250], [113, 10]], "\nSELECT mi_idx2.movie_id, COUNT(*)\nFROM movie_info_idx AS mi_idx2\nGROUP BY mi_idx2.movie_id\nORDER BY count DESC, mi_idx2.movie_id\nLIMIT 15": [[3284115, 4], [3284317, 4], [3288546, 4], [3291615, 4], [3297767, 4], [3299117, 4], [3301810, 4], [3323694, 4], [3339001, 4], [3346420, 4], [3346803, 4], [3347417, 4], [3354171, 4], [3356612, 4], [3357218, 4]], "\nSELECT ml.link_type_id, COUNT(*)\nFROM movie_link AS ml\nGROUP BY ml.link_type_id\nORDER BY count DESC, ml.link_type_id\nLIMIT 15": [[5, 8593], [6, 5503], [9, 5186], [13, 3341], [10, 2223], [1, 1158], [2, 1157], [8, 781], [7, 625], [16, 278], [12, 247], [15, 211], [3, 207], [11, 204], [4, 199]], "\nSELECT lt.id, COUNT(*)\nFROM link_type AS lt\nGROUP BY lt.id\nORDER BY count DESC, lt.id\nLIMIT 15": [[1, 1], [2, 1], [3, 1], [4, 1], [5, 1], [6, 1], [7, 1], [8, 1], [9, 1], [10, 1], [11, 1], [12, 1], [13, 1], [14, 1], [15, 1]], "SELECT COUNT(*) FROM link_type": 18, "\nSELECT ml.movie_id, COUNT(*)\nFROM movie_link AS ml\nGROUP BY ml.movie_id\nORDER BY count DESC, ml.movie_id\nLIMIT 15": [[132249, 569], [73710, 517], [133643, 276], [15711, 267], [8805, 196], [55507, 170], [148510, 169], [148136, 161], [129983, 153], [138675, 146], [152267, 143], [74688, 124], [133187, 121], [52894, 117], [55774, 115]], "\nSELECT ml.linked_movie_id, COUNT(*)\nFROM movie_link AS ml\nGROUP BY ml.linked_movie_id\nORDER BY count DESC, ml.linked_movie_id\nLIMIT 15": [[2310522, 131], [905719, 72], [1196877, 70], [2427608, 64], [2310581, 57], [2373344, 50], [1761898, 39], [2248081, 39], [2221955, 37], [2310582, 37], [1851357, 36], [1715497, 35], [1997177, 35], [1417866, 34], [1708057, 34]], "\nSELECT kt1.id, COUNT(*)\nFROM kind_type AS kt1\nGROUP BY kt1.id\nORDER BY count DESC, kt1.id\nLIMIT 15": [[1, 1], [2, 1], [3, 1], [4, 1], [5, 1], [6, 1], [7, 1]], "\nSELECT kt2.id, COUNT(*)\nFROM kind_type AS kt2\nGROUP BY kt2.id\nORDER BY count DESC, kt2.id\nLIMIT 15": [[1, 1], [2, 1], [3, 1], [4, 1], [5, 1], [6, 1], [7, 1]], "\nSELECT t1.kind_id, COUNT(*)\nFROM title AS t1\nGROUP BY t1.kind_id\nORDER BY count DESC, t1.kind_id\nLIMIT 15": [[7, 3145123], [1, 1077496], [4, 190141], [2, 161527], [3, 141093], [6, 20734]], "\nSELECT t2.kind_id, COUNT(*)\nFROM title AS t2\nGROUP BY t2.kind_id\nORDER BY count DESC, t2.kind_id\nLIMIT 15": [[7, 3145123], [1, 1077496], [4, 190141], [2, 161527], [3, 141093], [6, 20734]], "SELECT COUNT(*) FROM aka_name": 1312273, "SELECT COUNT(*) FROM char_name": 4314872, "SELECT COUNT(*) FROM person_info": 4130207, "\nSELECT an.person_id, COUNT(*)\nFROM aka_name AS an\nGROUP BY an.person_id\nORDER BY count DESC, an.person_id\nLIMIT 15": [[1042863, 85], [783368, 80], [525735, 75], [3013244, 63], [3978902, 63], [5153995, 59], [3750466, 57], [2123320, 52], [2778587, 45], [2208722, 44], [3822646, 42], [4066344, 42], [4589531, 42], [1353690, 41], [442603, 40]], "\nSELECT n.id, COUNT(*)\nFROM name AS n\nGROUP BY n.id\nORDER BY count DESC, n.id\nLIMIT 15": [[1, 1], [2, 1], [3, 1], [4, 1], [5, 1], [6, 1], [7, 1], [8, 1], [9, 1], [10, 1], [11, 1], [12, 1], [13, 1], [14, 1], [15, 1]], "SELECT COUNT(*) FROM name": 6379740, "\nSELECT ci.person_role_id, COUNT(*)\nFROM cast_info AS ci\nGROUP BY ci.person_role_id\nORDER BY count DESC, ci.person_role_id\nLIMIT 15": [[null, 34050775], [2, 2140172], [637, 1085181], [63, 534070], [4193, 167193], [534577, 108713], [68, 108277], [168, 102333], [16, 81297], [25611, 76082], [364, 74361], [369, 72327], [3715, 67338], [33, 64951], [1517, 60444]], "\nSELECT chn.id, COUNT(*)\nFROM char_name AS chn\nGROUP BY chn.id\nORDER BY count DESC, chn.id\nLIMIT 15": [[1, 1], [2, 1], [3, 1], [4, 1], [5, 1], [6, 1], [7, 1], [8, 1], [9, 1], [10, 1], [11, 1], [12, 1], [13, 1], [14, 1], [15, 1]], "SELECT COUNT(*) FROM cast_info": 63475827, "\nSELECT ci.movie_id, COUNT(*)\nFROM cast_info AS ci\nGROUP BY ci.movie_id\nORDER BY count DESC, ci.movie_id\nLIMIT 15": [[3959404, 1742], [3663732, 1575], [3774557, 1534], [3380458, 1533], [3745418, 1292], [3745421, 1275], [4251957, 1170], [4440535, 1129], [4433055, 1015], [3615511, 1004], [4429832, 1001], [1018373, 959], [4353240, 830], [3745431, 799], [3673657, 774]], "\nSELECT ci.person_id, COUNT(*)\nFROM cast_info AS ci\nGROUP BY ci.person_id\nORDER BY count DESC, ci.person_id\nLIMIT 15": [[2542184, 14969], [2314359, 14608], [186155, 14290], [5189290, 13769], [1381314, 13306], [184645, 12053], [2776892, 12034], [917350, 10671], [149344, 10346], [1359669, 9682], [2295976, 9570], [2536797, 9373], [2554625, 9129], [794438, 8804], [2417763, 8362]], "\nSELECT ci.role_id, COUNT(*)\nFROM cast_info AS ci\nGROUP BY ci.role_id\nORDER BY count DESC, ci.role_id\nLIMIT 15": [[1, 20490752], [2, 12898574], [3, 7957246], [10, 7619159], [4, 5175636], [8, 3156692], [9, 2125124], [5, 1614034], [6, 1366384], [11, 554044], [7, 518182]], "\nSELECT rt.id, COUNT(*)\nFROM role_type AS rt\nGROUP BY rt.id\nORDER BY count DESC, rt.id\nLIMIT 15": [[1, 1], [2, 1], [3, 1], [4, 1], [5, 1], [6, 1], [7, 1], [8, 1], [9, 1], [10, 1], [11, 1], [12, 1]], "SELECT COUNT(*) FROM role_type": 12, "\nSELECT pi.info_type_id, COUNT(*)\nFROM person_info AS pi\nGROUP BY pi.info_type_id\nORDER BY count DESC, pi.info_type_id\nLIMIT 15": [[17, 903867], [25, 560861], [21, 448720], [20, 420760], [22, 222431], [36, 195051], [26, 182502], [24, 174788], [19, 167384], [23, 154464], [15, 148410], [39, 138214], [28, 108311], [37, 87441], [38, 67048]], "\nSELECT it3.id, COUNT(*)\nFROM info_type AS it3\nGROUP BY it3.id\nORDER BY count DESC, it3.id\nLIMIT 15": [[1, 1], [2, 1], [3, 1], [4, 1], [5, 1], [6, 1], [7, 1], [8, 1], [9, 1], [10, 1], [11, 1], [12, 1], [13, 1], [14, 1], [15, 1]], "\nSELECT pi.person_id, COUNT(*)\nFROM person_info AS pi\nGROUP BY pi.person_id\nORDER BY count DESC, pi.person_id\nLIMIT 15": [[5854655, 1772], [3701566, 1735], [3228066, 1289], [2148270, 1248], [3901068, 1242], [2425605, 1197], [3492320, 921], [3941475, 886], [3602251, 859], [1735944, 827], [2946474, 753], [3962340, 747], [2951788, 739], [3360963, 714], [3594100, 711]], "\nSELECT miidx.info_type_id, COUNT(*)\nFROM movie_info_idx AS miidx\nGROUP BY miidx.info_type_id\nORDER BY count DESC, miidx.info_type_id\nLIMIT 15": [[99, 789155], [100, 789155], [101, 789155], [112, 250], [113, 10]], "\nSELECT miidx.movie_id, COUNT(*)\nFROM movie_info_idx AS miidx\nGROUP BY miidx.movie_id\nORDER BY count DESC, miidx.movie_id\nLIMIT 15": [[3284115, 4], [3284317, 4], [3288546, 4], [3291615, 4], [3297767, 4], [3299117, 4], [3301810, 4], [3323694, 4], [3339001, 4], [3346420, 4], [3346803, 4], [3347417, 4], [3354171, 4], [3356612, 4], [3357218, 4]], "\nSELECT an1.person_id, COUNT(*)\nFROM aka_name AS an1\nGROUP BY an1.person_id\nORDER BY count DESC, an1.person_id\nLIMIT 15": [[1042863, 85], [783368, 80], [525735, 75], [3013244, 63], [3978902, 63], [5153995, 59], [3750466, 57], [2123320, 52], [2778587, 45], [2208722, 44], [3822646, 42], [4066344, 42], [4589531, 42], [1353690, 41], [442603, 40]], "\nSELECT n1.id, COUNT(*)\nFROM name AS n1\nGROUP BY n1.id\nORDER BY count DESC, n1.id\nLIMIT 15": [[1, 1], [2, 1], [3, 1], [4, 1], [5, 1], [6, 1], [7, 1], [8, 1], [9, 1], [10, 1], [11, 1], [12, 1], [13, 1], [14, 1], [15, 1]], "\nSELECT a1.person_id, COUNT(*)\nFROM aka_name AS a1\nGROUP BY a1.person_id\nORDER BY count DESC, a1.person_id\nLIMIT 15": [[1042863, 85], [783368, 80], [525735, 75], [3013244, 63], [3978902, 63], [5153995, 59], [3750466, 57], [2123320, 52], [2778587, 45], [2208722, 44], [3822646, 42], [4066344, 42], [4589531, 42], [1353690, 41], [442603, 40]], "\nSELECT mc.company_type_id, COUNT(*)\nFROM movie_companies AS mc\nGROUP BY mc.company_type_id\nORDER BY count DESC, mc.company_type_id\nLIMIT 1": [[2, 2909468]], "\nSELECT mc.movie_id, COUNT(*)\nFROM movie_companies AS mc\nGROUP BY mc.movie_id\nORDER BY count DESC, mc.movie_id\nLIMIT 1": [[4398693, 151]], "\nSELECT mi_idx.info_type_id, COUNT(*)\nFROM movie_info_idx AS mi_idx\nGROUP BY mi_idx.info_type_id\nORDER BY count DESC, mi_idx.info_type_id\nLIMIT 1": [[99, 789155]], "\nSELECT mi_idx.movie_id, COUNT(*)\nFROM movie_info_idx AS mi_idx\nGROUP BY mi_idx.movie_id\nORDER BY count DESC, mi_idx.movie_id\nLIMIT 1": [[3284115, 4]], "\nSELECT t.id, COUNT(*)\nFROM title AS t\nGROUP BY t.id\nORDER BY count DESC, t.id\nLIMIT 1": [[1, 1]], "\nSELECT ct.id, COUNT(*)\nFROM company_type AS ct\nGROUP BY ct.id\nORDER BY count DESC, ct.id\nLIMIT 1": [[1, 1]], "\nSELECT it.id, COUNT(*)\nFROM info_type AS it\nGROUP BY it.id\nORDER BY count DESC, it.id\nLIMIT 1": [[1, 1]], "\nSELECT mc.company_id, COUNT(*)\nFROM movie_companies AS mc\nGROUP BY mc.company_id\nORDER BY count DESC, mc.company_id\nLIMIT 1": [[67, 71942]], "\nSELECT mk.keyword_id, COUNT(*)\nFROM movie_keyword AS mk\nGROUP BY mk.keyword_id\nORDER BY count DESC, mk.keyword_id\nLIMIT 1": [[1078, 88282]], "\nSELECT mk.movie_id, COUNT(*)\nFROM movie_keyword AS mk\nGROUP BY mk.movie_id\nORDER BY count DESC, mk.movie_id\nLIMIT 1": [[4155856, 976]], "\nSELECT k.id, COUNT(*)\nFROM keyword AS k\nGROUP BY k.id\nORDER BY count DESC, k.id\nLIMIT 1": [[1, 1]], "\nSELECT cn.id, COUNT(*)\nFROM company_name AS cn\nGROUP BY cn.id\nORDER BY count DESC, cn.id\nLIMIT 1": [[1, 1]], "\nSELECT mi.movie_id, COUNT(*)\nFROM movie_info AS mi\nGROUP BY mi.movie_id\nORDER BY count DESC, mi.movie_id\nLIMIT 1": [[2440411, 2997]], "\nSELECT mi.info_type_id, COUNT(*)\nFROM movie_info AS mi\nGROUP BY mi.info_type_id\nORDER BY count DESC, mi.info_type_id\nLIMIT 1": [[16, 5433157]], "\nSELECT ci.movie_id, COUNT(*)\nFROM cast_info AS ci\nGROUP BY ci.movie_id\nORDER BY count DESC, ci.movie_id\nLIMIT 1": [[3959404, 1742]], "\nSELECT ci.person_id, COUNT(*)\nFROM cast_info AS ci\nGROUP BY ci.person_id\nORDER BY count DESC, ci.person_id\nLIMIT 1": [[2542184, 14969]], "\nSELECT n.id, COUNT(*)\nFROM name AS n\nGROUP BY n.id\nORDER BY count DESC, n.id\nLIMIT 1": [[1, 1]], "\nSELECT an.person_id, COUNT(*)\nFROM aka_name AS an\nGROUP BY an.person_id\nORDER BY count DESC, an.person_id\nLIMIT 1": [[1042863, 85]], "\nSELECT ml.link_type_id, COUNT(*)\nFROM movie_link AS ml\nGROUP BY ml.link_type_id\nORDER BY count DESC, ml.link_type_id\nLIMIT 1": [[5, 8593]], "\nSELECT ml.linked_movie_id, COUNT(*)\nFROM movie_link AS ml\nGROUP BY ml.linked_movie_id\nORDER BY count DESC, ml.linked_movie_id\nLIMIT 1": [[2310522, 131]], "\nSELECT pi.info_type_id, COUNT(*)\nFROM person_info AS pi\nGROUP BY pi.info_type_id\nORDER BY count DESC, pi.info_type_id\nLIMIT 1": [[17, 903867]], "\nSELECT pi.person_id, COUNT(*)\nFROM person_info AS pi\nGROUP BY pi.person_id\nORDER BY count DESC, pi.person_id\nLIMIT 1": [[5854655, 1772]], "\nSELECT lt.id, COUNT(*)\nFROM link_type AS lt\nGROUP BY lt.id\nORDER BY count DESC, lt.id\nLIMIT 1": [[1, 1]], "\nSELECT an1.person_id, COUNT(*)\nFROM aka_name AS an1\nGROUP BY an1.person_id\nORDER BY count DESC, an1.person_id\nLIMIT 1": [[1042863, 85]], "\nSELECT ci.role_id, COUNT(*)\nFROM cast_info AS ci\nGROUP BY ci.role_id\nORDER BY count DESC, ci.role_id\nLIMIT 1": [[1, 20490752]], "\nSELECT rt.id, COUNT(*)\nFROM role_type AS rt\nGROUP BY rt.id\nORDER BY count DESC, rt.id\nLIMIT 1": [[1, 1]], "\nSELECT n1.id, COUNT(*)\nFROM name AS n1\nGROUP BY n1.id\nORDER BY count DESC, n1.id\nLIMIT 1": [[1, 1]], "\nSELECT a1.person_id, COUNT(*)\nFROM aka_name AS a1\nGROUP BY a1.person_id\nORDER BY count DESC, a1.person_id\nLIMIT 1": [[1042863, 85]], "\nSELECT ci.person_role_id, COUNT(*)\nFROM cast_info AS ci\nGROUP BY ci.person_role_id\nORDER BY count DESC, ci.person_role_id\nLIMIT 1": [[null, 34050775]], "\nSELECT chn.id, COUNT(*)\nFROM char_name AS chn\nGROUP BY chn.id\nORDER BY count DESC, chn.id\nLIMIT 1": [[1, 1]], "\nSELECT ml.movie_id, COUNT(*)\nFROM movie_link AS ml\nGROUP BY ml.movie_id\nORDER BY count DESC, ml.movie_id\nLIMIT 1": [[132249, 569]], "\nSELECT it1.id, COUNT(*)\nFROM info_type AS it1\nGROUP BY it1.id\nORDER BY count DESC, it1.id\nLIMIT 1": [[1, 1]], "\nSELECT it2.id, COUNT(*)\nFROM info_type AS it2\nGROUP BY it2.id\nORDER BY count DESC, it2.id\nLIMIT 1": [[1, 1]], "\nSELECT miidx.info_type_id, COUNT(*)\nFROM movie_info_idx AS miidx\nGROUP BY miidx.info_type_id\nORDER BY count DESC, miidx.info_type_id\nLIMIT 1": [[99, 789155]], "\nSELECT miidx.movie_id, COUNT(*)\nFROM movie_info_idx AS miidx\nGROUP BY miidx.movie_id\nORDER BY count DESC, miidx.movie_id\nLIMIT 1": [[3284115, 4]], "\nSELECT t.kind_id, COUNT(*)\nFROM title AS t\nGROUP BY t.kind_id\nORDER BY count DESC, t.kind_id\nLIMIT 1": [[7, 3145123]], "\nSELECT kt.id, COUNT(*)\nFROM kind_type AS kt\nGROUP BY kt.id\nORDER BY count DESC, kt.id\nLIMIT 1": [[1, 1]], "SELECT COUNT(*) FROM kind_type": 7, "\nSELECT at.movie_id, COUNT(*)\nFROM aka_title AS at\nGROUP BY at.movie_id\nORDER BY count DESC, at.movie_id\nLIMIT 1": [[942485, 47]], "\nSELECT cc.movie_id, COUNT(*)\nFROM complete_cast AS cc\nGROUP BY cc.movie_id\nORDER BY count DESC, cc.movie_id\nLIMIT 1": [[1781, 2]], "\nSELECT cc.subject_id, COUNT(*)\nFROM complete_cast AS cc\nGROUP BY cc.subject_id\nORDER BY count DESC, cc.subject_id\nLIMIT 1": [[1, 85941]], "\nSELECT cc.status_id, COUNT(*)\nFROM complete_cast AS cc\nGROUP BY cc.status_id\nORDER BY count DESC, cc.status_id\nLIMIT 1": [[3, 110494]], "\nSELECT cct1.id, COUNT(*)\nFROM comp_cast_type AS cct1\nGROUP BY cct1.id\nORDER BY count DESC, cct1.id\nLIMIT 1": [[1, 1]], "\nSELECT cct2.id, COUNT(*)\nFROM comp_cast_type AS cct2\nGROUP BY cct2.id\nORDER BY count DESC, cct2.id\nLIMIT 1": [[1, 1]], "\nSELECT it3.id, COUNT(*)\nFROM info_type AS it3\nGROUP BY it3.id\nORDER BY count DESC, it3.id\nLIMIT 1": [[1, 1]], "\nSELECT mc1.company_id, COUNT(*)\nFROM movie_companies AS mc1\nGROUP BY mc1.company_id\nORDER BY count DESC, mc1.company_id\nLIMIT 1": [[67, 71942]], "\nSELECT mc1.movie_id, COUNT(*)\nFROM movie_companies AS mc1\nGROUP BY mc1.movie_id\nORDER BY count DESC, mc1.movie_id\nLIMIT 1": [[4398693, 151]], "\nSELECT mc2.company_id, COUNT(*)\nFROM movie_companies AS mc2\nGROUP BY mc2.company_id\nORDER BY count DESC, mc2.company_id\nLIMIT 1": [[67, 71942]], "\nSELECT mc2.movie_id, COUNT(*)\nFROM movie_companies AS mc2\nGROUP BY mc2.movie_id\nORDER BY count DESC, mc2.movie_id\nLIMIT 1": [[4398693, 151]], "\nSELECT mi_idx1.info_type_id, COUNT(*)\nFROM movie_info_idx AS mi_idx1\nGROUP BY mi_idx1.info_type_id\nORDER BY count DESC, mi_idx1.info_type_id\nLIMIT 1": [[99, 789155]], "\nSELECT mi_idx1.movie_id, COUNT(*)\nFROM movie_info_idx AS mi_idx1\nGROUP BY mi_idx1.movie_id\nORDER BY count DESC, mi_idx1.movie_id\nLIMIT 1": [[3284115, 4]], "\nSELECT mi_idx2.info_type_id, COUNT(*)\nFROM movie_info_idx AS mi_idx2\nGROUP BY mi_idx2.info_type_id\nORDER BY count DESC, mi_idx2.info_type_id\nLIMIT 1": [[99, 789155]], "\nSELECT mi_idx2.movie_id, COUNT(*)\nFROM movie_info_idx AS mi_idx2\nGROUP BY mi_idx2.movie_id\nORDER BY count DESC, mi_idx2.movie_id\nLIMIT 1": [[3284115, 4]], "\nSELECT t2.id, COUNT(*)\nFROM title AS t2\nGROUP BY t2.id\nORDER BY count DESC, t2.id\nLIMIT 1": [[1, 1]], "\nSELECT kt2.id, COUNT(*)\nFROM kind_type AS kt2\nGROUP BY kt2.id\nORDER BY count DESC, kt2.id\nLIMIT 1": [[1, 1]], "\nSELECT t1.id, COUNT(*)\nFROM title AS t1\nGROUP BY t1.id\nORDER BY count DESC, t1.id\nLIMIT 1": [[1, 1]], "\nSELECT kt1.id, COUNT(*)\nFROM kind_type AS kt1\nGROUP BY kt1.id\nORDER BY count DESC, kt1.id\nLIMIT 1": [[1, 1]], "\nSELECT t1.kind_id, COUNT(*)\nFROM title AS t1\nGROUP BY t1.kind_id\nORDER BY count DESC, t1.kind_id\nLIMIT 1": [[7, 3145123]], "\nSELECT t2.kind_id, COUNT(*)\nFROM title AS t2\nGROUP BY t2.kind_id\nORDER BY count DESC, t2.kind_id\nLIMIT 1": [[7, 3145123]], "\nSELECT cn1.id, COUNT(*)\nFROM company_name AS cn1\nGROUP BY cn1.id\nORDER BY count DESC, cn1.id\nLIMIT 1": [[1, 1]], "\nSELECT cn2.id, COUNT(*)\nFROM company_name AS cn2\nGROUP BY cn2.id\nORDER BY count DESC, cn2.id\nLIMIT 1": [[1, 1]], "EXPLAIN (ANALYZE, FORMAT JSON) SELECT COUNT(*) FROM info_type AS it, keyword AS k, movie_info_idx AS mi_idx, movie_keyword AS mk, title AS t WHERE it.info = 'rating' AND k.keyword LIKE '%sequel%' AND mi_idx.info > '2.0' AND t.production_year > 1990 AND t.id = mi_idx.movie_id AND t.id = mk.movie_id AND mk.movie_id = mi_idx.movie_id AND k.id = mk.keyword_id AND it.id = mi_idx.info_type_id": {"Plan": {"Node Type": "Aggregate", "Strategy": "Plain", "Partial Mode": "Finalize", "Parallel Aware": false, "Async Capable": false, "Startup Cost": 12735.87, "Total Cost": 12735.88, "Plan Rows": 1, "Plan Width": 8, "Actual Startup Time": 2273.727, "Actual Total Time": 2273.815, "Actual Rows": 1, "Actual Loops": 1, "Plans": [{"Node Type": "Gather", "Parent Relationship": "Outer", "Parallel Aware": false, "Async Capable": false, "Startup Cost": 12735.76, "Total Cost": 12735.87, "Plan Rows": 1, "Plan Width": 8, "Actual Startup Time": 2273.72, "Actual Total Time": 2273.81, "Actual Rows": 2, "Actual Loops": 1, "Workers Planned": 1, "Workers Launched": 1, "Single Copy": false, "Plans": [{"Node Type": "Aggregate", "Strategy": "Plain", "Partial Mode": "Partial", "Parent Relationship": "Outer", "Parallel Aware": false, "Async Capable": false, "Startup Cost": 11735.76, "Total Cost": 11735.77, "Plan Rows": 1, "Plan Width": 8, "Actual Startup Time": 1581.692, "Actual Total Time": 1581.694, "Actual Rows": 1, "Actual Loops": 2, "Workers": [], "Plans": [{"Node Type": "Nested Loop", "Parent Relationship": "Outer", "Parallel Aware": false, "Async Capable": false, "Join Type": "Inner", "Startup Cost": 8.91, "Total Cost": 11735.74, "Plan Rows": 6, "Plan Width": 0, "Actual Startup Time": 9.385, "Actual Total Time": 1580.948, "Actual Rows": 2930, "Actual Loops": 2, "Inner Unique": true, "Join Filter": "(mi_idx.movie_id = t.id)", "Rows Removed by Join Filter": 0, "Workers": [], "Plans": [{"Node Type": "Hash Join", "Parent Relationship": "Outer", "Parallel Aware": false, "Async Capable": false, "Join Type": "Inner", "Startup Cost": 8.48, "Total Cost": 11731.66, "Plan Rows": 8, "Plan Width": 8, "Actual Startup Time": 7.259, "Actual Total Time": 646.545, "Actual Rows": 4670, "Actual Loops": 2, "Inner Unique": true, "Hash Cond": "(mi_idx.info_type_id = it.id)", "Workers": [], "Plans": [{"Node Type": "Nested Loop", "Parent Relationship": "Outer", "Parallel Aware": false, "Async Capable": false, "Join Type": "Inner", "Startup Cost": 6.06, "Total Cost": 11726.94, "Plan Rows": 842, "Plan Width": 12, "Actual Startup Time": 7.055, "Actual Total Time": 642.817, "Actual Rows": 8612, "Actual Loops": 2, "Inner Unique": false, "Workers": [], "Plans": [{"Node Type": "Nested Loop", "Parent Relationship": "Outer", "Parallel Aware": false, "Async Capable": false, "Join Type": "Inner", "Startup Cost": 5.63, "Total Cost": 11495.1, "Plan Rows": 446, "Plan Width": 4, "Actual Startup Time": 6.319, "Actual Total Time": 268.273, "Actual Rows": 7025, "Actual Loops": 2, "Inner Unique": false, "Workers": [], "Plans": [{"Node Type": "Seq Scan", "Parent Relationship": "Outer", "Parallel Aware": true, "Async Capable": false, "Relation Name": "keyword", "Alias": "k", "Startup Cost": 0.0, "Total Cost": 3455.9, "Plan Rows": 14, "Plan Width": 4, "Actual Startup Time": 3.743, "Actual Total Time": 27.654, "Actual Rows": 20, "Actual Loops": 2, "Filter": "(keyword ~~ '%sequel%'::text)", "Rows Removed by Filter": 118293, "Workers": []}, {"Node Type": "Bitmap Heap Scan", "Parent Relationship": "Inner", "Parallel Aware": false, "Async Capable": false, "Relation Name": "movie_keyword", "Alias": "mk", "Startup Cost": 5.63, "Total Cost": 572.69, "Plan Rows": 154, "Plan Width": 8, "Actual Startup Time": 0.617, "Actual Total Time": 11.647, "Actual Rows": 343, "Actual Loops": 41, "Recheck Cond": "(keyword_id = k.id)", "Rows Removed by Index Recheck": 0, "Exact Heap Blocks": 6558, "Lossy Heap Blocks": 0, "Workers": [], "Plans": [{"Node Type": "Bitmap Index Scan", "Parent Relationship": "Outer", "Parallel Aware": false, "Async Capable": false, "Index Name": "keyword_id_movie_keyword", "Startup Cost": 0.0, "Total Cost": 5.59, "Plan Rows": 154, "Plan Width": 0, "Actual Startup Time": 0.463, "Actual Total Time": 0.463, "Actual Rows": 343, "Actual Loops": 41, "Index Cond": "(keyword_id = k.id)", "Workers": []}]}]}, {"Node Type": "Index Scan", "Parent Relationship": "Inner", "Parallel Aware": false, "Async Capable": false, "Scan Direction": "Forward", "Index Name": "movie_id_movie_info_idx", "Relation Name": "movie_info_idx", "Alias": "mi_idx", "Startup Cost": 0.43, "Total Cost": 0.5, "Plan Rows": 2, "Plan Width": 8, "Actual Startup Time": 0.052, "Actual Total Time": 0.053, "Actual Rows": 1, "Actual Loops": 14050, "Index Cond": "(movie_id = mk.movie_id)", "Rows Removed by Index Recheck": 0, "Filter": "(info > '2.0'::text)", "Rows Removed by Filter": 1, "Workers": []}]}, {"Node Type": "Hash", "Parent Relationship": "Inner", "Parallel Aware": false, "Async Capable": false, "Startup Cost": 2.41, "Total Cost": 2.41, "Plan Rows": 1, "Plan Width": 4, "Actual Startup Time": 0.161, "Actual Total Time": 0.161, "Actual Rows": 1, "Actual Loops": 2, "Hash Buckets": 1024, "Original Hash Buckets": 1024, "Hash Batches": 1, "Original Hash Batches": 1, "Peak Memory Usage": 9, "Workers": [], "Plans": [{"Node Type": "Seq Scan", "Parent Relationship": "Outer", "Parallel Aware": false, "Async Capable": false, "Relation Name": "info_type", "Alias": "it", "Startup Cost": 0.0, "Total Cost": 2.41, "Plan Rows": 1, "Plan Width": 4, "Actual Startup Time": 0.155, "Actual Total Time": 0.156, "Actual Rows": 1, "Actual Loops": 2, "Filter": "((info)::text = 'rating'::text)", "Rows Removed by Filter": 112, "Workers": []}]}]}, {"Node Type": "Index Scan", "Parent Relationship": "Inner", "Parallel Aware": false, "Async Capable": false, "Scan Direction": "Forward", "Index Name": "title_pkey", "Relation Name": "title", "Alias": "t", "Startup Cost": 0.43, "Total Cost": 0.5, "Plan Rows": 1, "Plan Width": 4, "Actual Startup Time": 0.199, "Actual Total Time": 0.199, "Actual Rows": 1, "Actual Loops": 9341, "Index Cond": "(id = mk.movie_id)", "Rows Removed by Index Recheck": 0, "Filter": "(production_year > 1990)", "Rows Removed by Filter": 0, "Workers": []}]}]}]}]}, "Planning Time": 14.626, "Triggers": [], "Execution Time": 2273.979}, "EXPLAIN (ANALYZE,FORMAT JSON) SELECT COUNT(*) FROM info_type AS it, keyword AS k, movie_info_idx AS mi_idx, movie_keyword AS mk, title AS t WHERE it.info = 'rating' AND k.keyword LIKE '%sequel%' AND mi_idx.info > '2.0' AND t.production_year > 1990 AND t.id = mi_idx.movie_id AND t.id = mk.movie_id AND mk.movie_id = mi_idx.movie_id AND k.id = mk.keyword_id AND it.id = mi_idx.info_type_id": {"Plan": {"Node Type": "Aggregate", "Strategy": "Plain", "Partial Mode": "Finalize", "Parallel Aware": false, "Async Capable": false, "Startup Cost": 12735.87, "Total Cost": 12735.88, "Plan Rows": 1, "Plan Width": 8, "Actual Startup Time": 119.783, "Actual Total Time": 119.848, "Actual Rows": 1, "Actual Loops": 1, "Plans": [{"Node Type": "Gather", "Parent Relationship": "Outer", "Parallel Aware": false, "Async Capable": false, "Startup Cost": 12735.76, "Total Cost": 12735.87, "Plan Rows": 1, "Plan Width": 8, "Actual Startup Time": 119.775, "Actual Total Time": 119.843, "Actual Rows": 2, "Actual Loops": 1, "Workers Planned": 1, "Workers Launched": 1, "Single Copy": false, "Plans": [{"Node Type": "Aggregate", "Strategy": "Plain", "Partial Mode": "Partial", "Parent Relationship": "Outer", "Parallel Aware": false, "Async Capable": false, "Startup Cost": 11735.76, "Total Cost": 11735.77, "Plan Rows": 1, "Plan Width": 8, "Actual Startup Time": 95.929, "Actual Total Time": 95.932, "Actual Rows": 1, "Actual Loops": 2, "Workers": [], "Plans": [{"Node Type": "Nested Loop", "Parent Relationship": "Outer", "Parallel Aware": false, "Async Capable": false, "Join Type": "Inner", "Startup Cost": 8.91, "Total Cost": 11735.74, "Plan Rows": 6, "Plan Width": 0, "Actual Startup Time": 3.903, "Actual Total Time": 95.618, "Actual Rows": 2930, "Actual Loops": 2, "Inner Unique": true, "Join Filter": "(mi_idx.movie_id = t.id)", "Rows Removed by Join Filter": 0, "Workers": [], "Plans": [{"Node Type": "Hash Join", "Parent Relationship": "Outer", "Parallel Aware": false, "Async Capable": false, "Join Type": "Inner", "Startup Cost": 8.48, "Total Cost": 11731.66, "Plan Rows": 8, "Plan Width": 8, "Actual Startup Time": 3.832, "Actual Total Time": 68.64, "Actual Rows": 4670, "Actual Loops": 2, "Inner Unique": true, "Hash Cond": "(mi_idx.info_type_id = it.id)", "Workers": [], "Plans": [{"Node Type": "Nested Loop", "Parent Relationship": "Outer", "Parallel Aware": false, "Async Capable": false, "Join Type": "Inner", "Startup Cost": 6.06, "Total Cost": 11726.94, "Plan Rows": 842, "Plan Width": 12, "Actual Startup Time": 3.774, "Actual Total Time": 67.055, "Actual Rows": 8612, "Actual Loops": 2, "Inner Unique": false, "Workers": [], "Plans": [{"Node Type": "Nested Loop", "Parent Relationship": "Outer", "Parallel Aware": false, "Async Capable": false, "Join Type": "Inner", "Startup Cost": 5.63, "Total Cost": 11495.1, "Plan Rows": 446, "Plan Width": 4, "Actual Startup Time": 3.745, "Actual Total Time": 41.119, "Actual Rows": 7025, "Actual Loops": 2, "Inner Unique": false, "Workers": [], "Plans": [{"Node Type": "Seq Scan", "Parent Relationship": "Outer", "Parallel Aware": true, "Async Capable": false, "Relation Name": "keyword", "Alias": "k", "Startup Cost": 0.0, "Total Cost": 3455.9, "Plan Rows": 14, "Plan Width": 4, "Actual Startup Time": 2.516, "Actual Total Time": 20.53, "Actual Rows": 20, "Actual Loops": 2, "Filter": "(keyword ~~ '%sequel%'::text)", "Rows Removed by Filter": 118293, "Workers": []}, {"Node Type": "Bitmap Heap Scan", "Parent Relationship": "Inner", "Parallel Aware": false, "Async Capable": false, "Relation Name": "movie_keyword", "Alias": "mk", "Startup Cost": 5.63, "Total Cost": 572.69, "Plan Rows": 154, "Plan Width": 8, "Actual Startup Time": 0.082, "Actual Total Time": 0.962, "Actual Rows": 343, "Actual Loops": 41, "Recheck Cond": "(keyword_id = k.id)", "Rows Removed by Index Recheck": 0, "Exact Heap Blocks": 6558, "Lossy Heap Blocks": 0, "Workers": [], "Plans": [{"Node Type": "Bitmap Index Scan", "Parent Relationship": "Outer", "Parallel Aware": false, "Async Capable": false, "Index Name": "keyword_id_movie_keyword", "Startup Cost": 0.0, "Total Cost": 5.59, "Plan Rows": 154, "Plan Width": 0, "Actual Startup Time": 0.047, "Actual Total Time": 0.047, "Actual Rows": 343, "Actual Loops": 41, "Index Cond": "(keyword_id = k.id)", "Workers": []}]}]}, {"Node Type": "Index Scan", "Parent Relationship": "Inner", "Parallel Aware": false, "Async Capable": false, "Scan Direction": "Forward", "Index Name": "movie_id_movie_info_idx", "Relation Name": "movie_info_idx", "Alias": "mi_idx", "Startup Cost": 0.43, "Total Cost": 0.5, "Plan Rows": 2, "Plan Width": 8, "Actual Startup Time": 0.003, "Actual Total Time": 0.003, "Actual Rows": 1, "Actual Loops": 14050, "Index Cond": "(movie_id = mk.movie_id)", "Rows Removed by Index Recheck": 0, "Filter": "(info > '2.0'::text)", "Rows Removed by Filter": 1, "Workers": []}]}, {"Node Type": "Hash", "Parent Relationship": "Inner", "Parallel Aware": false, "Async Capable": false, "Startup Cost": 2.41, "Total Cost": 2.41, "Plan Rows": 1, "Plan Width": 4, "Actual Startup Time": 0.024, "Actual Total Time": 0.025, "Actual Rows": 1, "Actual Loops": 2, "Hash Buckets": 1024, "Original Hash Buckets": 1024, "Hash Batches": 1, "Original Hash Batches": 1, "Peak Memory Usage": 9, "Workers": [], "Plans": [{"Node Type": "Seq Scan", "Parent Relationship": "Outer", "Parallel Aware": false, "Async Capable": false, "Relation Name": "info_type", "Alias": "it", "Startup Cost": 0.0, "Total Cost": 2.41, "Plan Rows": 1, "Plan Width": 4, "Actual Startup Time": 0.02, "Actual Total Time": 0.022, "Actual Rows": 1, "Actual Loops": 2, "Filter": "((info)::text = 'rating'::text)", "Rows Removed by Filter": 112, "Workers": []}]}]}, {"Node Type": "Index Scan", "Parent Relationship": "Inner", "Parallel Aware": false, "Async Capable": false, "Scan Direction": "Forward", "Index Name": "title_pkey", "Relation Name": "title", "Alias": "t", "Startup Cost": 0.43, "Total Cost": 0.5, "Plan Rows": 1, "Plan Width": 4, "Actual Startup Time": 0.005, "Actual Total Time": 0.005, "Actual Rows": 1, "Actual Loops": 9341, "Index Cond": "(id = mk.movie_id)", "Rows Removed by Index Recheck": 0, "Filter": "(production_year > 1990)", "Rows Removed by Filter": 0, "Workers": []}]}]}]}]}, "Planning Time": 2.3, "Triggers": [], "Execution Time": 119.958}, "EXPLAIN (FORMAT JSON) SELECT COUNT(*) FROM info_type AS it, keyword AS k, movie_info_idx AS mi_idx, movie_keyword AS mk, title AS t WHERE it.info = 'rating' AND k.keyword LIKE '%sequel%' AND mi_idx.info > '2.0' AND t.production_year > 1990 AND t.id = mi_idx.movie_id AND t.id = mk.movie_id AND mk.movie_id = mi_idx.movie_id AND k.id = mk.keyword_id AND it.id = mi_idx.info_type_id": {"Plan": {"Node Type": "Aggregate", "Strategy": "Plain", "Partial Mode": "Finalize", "Parallel Aware": false, "Async Capable": false, "Startup Cost": 12735.87, "Total Cost": 12735.88, "Plan Rows": 1, "Plan Width": 8, "Plans": [{"Node Type": "Gather", "Parent Relationship": "Outer", "Parallel Aware": false, "Async Capable": false, "Startup Cost": 12735.76, "Total Cost": 12735.87, "Plan Rows": 1, "Plan Width": 8, "Workers Planned": 1, "Single Copy": false, "Plans": [{"Node Type": "Aggregate", "Strategy": "Plain", "Partial Mode": "Partial", "Parent Relationship": "Outer", "Parallel Aware": false, "Async Capable": false, "Startup Cost": 11735.76, "Total Cost": 11735.77, "Plan Rows": 1, "Plan Width": 8, "Plans": [{"Node Type": "Nested Loop", "Parent Relationship": "Outer", "Parallel Aware": false, "Async Capable": false, "Join Type": "Inner", "Startup Cost": 8.91, "Total Cost": 11735.74, "Plan Rows": 6, "Plan Width": 0, "Inner Unique": true, "Join Filter": "(mi_idx.movie_id = t.id)", "Plans": [{"Node Type": "Hash Join", "Parent Relationship": "Outer", "Parallel Aware": false, "Async Capable": false, "Join Type": "Inner", "Startup Cost": 8.48, "Total Cost": 11731.66, "Plan Rows": 8, "Plan Width": 8, "Inner Unique": true, "Hash Cond": "(mi_idx.info_type_id = it.id)", "Plans": [{"Node Type": "Nested Loop", "Parent Relationship": "Outer", "Parallel Aware": false, "Async Capable": false, "Join Type": "Inner", "Startup Cost": 6.06, "Total Cost": 11726.94, "Plan Rows": 842, "Plan Width": 12, "Inner Unique": false, "Plans": [{"Node Type": "Nested Loop", "Parent Relationship": "Outer", "Parallel Aware": false, "Async Capable": false, "Join Type": "Inner", "Startup Cost": 5.63, "Total Cost": 11495.1, "Plan Rows": 446, "Plan Width": 4, "Inner Unique": false, "Plans": [{"Node Type": "Seq Scan", "Parent Relationship": "Outer", "Parallel Aware": true, "Async Capable": false, "Relation Name": "keyword", "Alias": "k", "Startup Cost": 0.0, "Total Cost": 3455.9, "Plan Rows": 14, "Plan Width": 4, "Filter": "(keyword ~~ '%sequel%'::text)"}, {"Node Type": "Bitmap Heap Scan", "Parent Relationship": "Inner", "Parallel Aware": false, "Async Capable": false, "Relation Name": "movie_keyword", "Alias": "mk", "Startup Cost": 5.63, "Total Cost": 572.69, "Plan Rows": 154, "Plan Width": 8, "Recheck Cond": "(keyword_id = k.id)", "Plans": [{"Node Type": "Bitmap Index Scan", "Parent Relationship": "Outer", "Parallel Aware": false, "Async Capable": false, "Index Name": "keyword_id_movie_keyword", "Startup Cost": 0.0, "Total Cost": 5.59, "Plan Rows": 154, "Plan Width": 0, "Index Cond": "(keyword_id = k.id)"}]}]}, {"Node Type": "Index Scan", "Parent Relationship": "Inner", "Parallel Aware": false, "Async Capable": false, "Scan Direction": "Forward", "Index Name": "movie_id_movie_info_idx", "Relation Name": "movie_info_idx", "Alias": "mi_idx", "Startup Cost": 0.43, "Total Cost": 0.5, "Plan Rows": 2, "Plan Width": 8, "Index Cond": "(movie_id = mk.movie_id)", "Filter": "(info > '2.0'::text)"}]}, {"Node Type": "Hash", "Parent Relationship": "Inner", "Parallel Aware": false, "Async Capable": false, "Startup Cost": 2.41, "Total Cost": 2.41, "Plan Rows": 1, "Plan Width": 4, "Plans": [{"Node Type": "Seq Scan", "Parent Relationship": "Outer", "Parallel Aware": false, "Async Capable": false, "Relation Name": "info_type", "Alias": "it", "Startup Cost": 0.0, "Total Cost": 2.41, "Plan Rows": 1, "Plan Width": 4, "Filter": "((info)::text = 'rating'::text)"}]}]}, {"Node Type": "Index Scan", "Parent Relationship": "Inner", "Parallel Aware": false, "Async Capable": false, "Scan Direction": "Forward", "Index Name": "title_pkey", "Relation Name": "title", "Alias": "t", "Startup Cost": 0.43, "Total Cost": 0.5, "Plan Rows": 1, "Plan Width": 4, "Index Cond": "(id = mk.movie_id)", "Filter": "(production_year > 1990)"}]}]}]}]}}, "SELECT COUNT(*) FROM info_type AS it WHERE it.info = 'rating'": 1, "SELECT COUNT(*) FROM keyword AS k WHERE k.keyword LIKE '%sequel%'": 41, "SELECT COUNT(*) FROM movie_info_idx AS mi_idx WHERE mi_idx.info > '2.0'": 1501746, "SELECT COUNT(*) FROM title AS t WHERE t.production_year > 1990": 3505877, "SELECT COUNT(*) FROM lineorder": 2999684, "SELECT COUNT(*) FROM dim_date": 1278}