[
    {
      "Plan": {
        "Node Type": "Aggregate",
        "Strategy": "Plain",
        "Partial Mode": "Simple",
        "Parallel Aware": false,
        "Async Capable": false,
        "Startup Cost": 406491.68,
        "Total Cost": 406491.69,
        "Plan Rows": 1,
        "Plan Width": 8,
        "Actual Startup Time": 1814.296,
        "Actual Total Time": 1817.136,
        "Actual Rows": 1,
        "Actual Loops": 1,
        "Plans": [
          {
            "Node Type": "Gather",
            "Parent Relationship": "Outer",
            "Parallel Aware": false,
            "Async Capable": false,
            "Startup Cost": 399764.74,
            "Total Cost": 406491.68,
            "Plan Rows": 1,
            "Plan Width": 0,
            "Actual Startup Time": 1814.292,
            "Actual Total Time": 1817.117,
            "Actual Rows": 0,
            "Actual Loops": 1,
            "Workers Planned": 2,
            "Workers Launched": 2,
            "Single Copy": false,
            "Plans": [
              {
                "Node Type": "Hash Join",
                "Parent Relationship": "Outer",
                "Parallel Aware": true,
                "Async Capable": false,
                "Join Type": "Inner",
                "Startup Cost": 398764.74,
                "Total Cost": 405491.58,
                "Plan Rows": 1,
                "Plan Width": 0,
                "Actual Startup Time": 1811.282,
                "Actual Total Time": 1811.298,
                "Actual Rows": 0,
                "Actual Loops": 3,
                "Inner Unique": false,
                "Hash Cond": "(cn1.id = mc1.company_id)",
                "Workers": [],
                "Plans": [
                  {
                    "Node Type": "Seq Scan",
                    "Parent Relationship": "Outer",
                    "Parallel Aware": true,
                    "Async Capable": false,
                    "Relation Name": "company_name",
                    "Alias": "cn1",
                    "Startup Cost": 0.0,
                    "Total Cost": 6509.1,
                    "Plan Rows": 58062,
                    "Plan Width": 4,
                    "Actual Startup Time": 0.0,
                    "Actual Total Time": 0.0,
                    "Actual Rows": 0,
                    "Actual Loops": 0,
                    "Filter": "((country_code)::text = '[us]'::text)",
                    "Rows Removed by Filter": 0,
                    "Workers": []
                  },
                  {
                    "Node Type": "Hash",
                    "Parent Relationship": "Inner",
                    "Parallel Aware": true,
                    "Async Capable": false,
                    "Startup Cost": 398764.73,
                    "Total Cost": 398764.73,
                    "Plan Rows": 1,
                    "Plan Width": 4,
                    "Actual Startup Time": 1810.902,
                    "Actual Total Time": 1810.918,
                    "Actual Rows": 0,
                    "Actual Loops": 3,
                    "Hash Buckets": 1024,
                    "Original Hash Buckets": 1024,
                    "Hash Batches": 1,
                    "Original Hash Batches": 1,
                    "Peak Memory Usage": 0,
                    "Workers": [],
                    "Plans": [
                      {
                        "Node Type": "Hash Join",
                        "Parent Relationship": "Outer",
                        "Parallel Aware": true,
                        "Async Capable": false,
                        "Join Type": "Inner",
                        "Startup Cost": 335498.81,
                        "Total Cost": 398764.73,
                        "Plan Rows": 1,
                        "Plan Width": 4,
                        "Actual Startup Time": 1810.879,
                        "Actual Total Time": 1810.894,
                        "Actual Rows": 0,
                        "Actual Loops": 3,
                        "Inner Unique": false,
                        "Hash Cond": "(mc1.movie_id = t1.id)",
                        "Workers": [],
                        "Plans": [
                          {
                            "Node Type": "Seq Scan",
                            "Parent Relationship": "Outer",
                            "Parallel Aware": true,
                            "Async Capable": false,
                            "Relation Name": "movie_companies",
                            "Alias": "mc1",
                            "Startup Cost": 0.0,
                            "Total Cost": 55518.57,
                            "Plan Rows": 2065957,
                            "Plan Width": 8,
                            "Actual Startup Time": 0.0,
                            "Actual Total Time": 0.0,
                            "Actual Rows": 0,
                            "Actual Loops": 0,
                            "Workers": []
                          },
                          {
                            "Node Type": "Hash",
                            "Parent Relationship": "Inner",
                            "Parallel Aware": true,
                            "Async Capable": false,
                            "Startup Cost": 335498.8,
                            "Total Cost": 335498.8,
                            "Plan Rows": 1,
                            "Plan Width": 12,
                            "Actual Startup Time": 1810.873,
                            "Actual Total Time": 1810.883,
                            "Actual Rows": 0,
                            "Actual Loops": 3,
                            "Hash Buckets": 1024,
                            "Original Hash Buckets": 1024,
                            "Hash Batches": 1,
                            "Original Hash Batches": 1,
                            "Peak Memory Usage": 0,
                            "Workers": [],
                            "Plans": [
                              {
                                "Node Type": "Hash Join",
                                "Parent Relationship": "Outer",
                                "Parallel Aware": true,
                                "Async Capable": false,
                                "Join Type": "Inner",
                                "Startup Cost": 328801.08,
                                "Total Cost": 335498.8,
                                "Plan Rows": 1,
                                "Plan Width": 12,
                                "Actual Startup Time": 1810.834,
                                "Actual Total Time": 1810.844,
                                "Actual Rows": 0,
                                "Actual Loops": 3,
                                "Inner Unique": false,
                                "Hash Cond": "(cn2.id = mc2.company_id)",
                                "Workers": [],
                                "Plans": [
                                  {
                                    "Node Type": "Seq Scan",
                                    "Parent Relationship": "Outer",
                                    "Parallel Aware": true,
                                    "Async Capable": false,
                                    "Relation Name": "company_name",
                                    "Alias": "cn2",
                                    "Startup Cost": 0.0,
                                    "Total Cost": 6131.88,
                                    "Plan Rows": 150888,
                                    "Plan Width": 4,
                                    "Actual Startup Time": 0.0,
                                    "Actual Total Time": 0.0,
                                    "Actual Rows": 0,
                                    "Actual Loops": 0,
                                    "Workers": []
                                  },
                                  {
                                    "Node Type": "Hash",
                                    "Parent Relationship": "Inner",
                                    "Parallel Aware": true,
                                    "Async Capable": false,
                                    "Startup Cost": 328801.07,
                                    "Total Cost": 328801.07,
                                    "Plan Rows": 1,
                                    "Plan Width": 16,
                                    "Actual Startup Time": 1810.828,
                                    "Actual Total Time": 1810.837,
                                    "Actual Rows": 0,
                                    "Actual Loops": 3,
                                    "Hash Buckets": 1024,
                                    "Original Hash Buckets": 1024,
                                    "Hash Batches": 1,
                                    "Original Hash Batches": 1,
                                    "Peak Memory Usage": 0,
                                    "Workers": [],
                                    "Plans": [
                                      {
                                        "Node Type": "Hash Join",
                                        "Parent Relationship": "Outer",
                                        "Parallel Aware": false,
                                        "Async Capable": false,
                                        "Join Type": "Inner",
                                        "Startup Cost": 265535.15,
                                        "Total Cost": 328801.07,
                                        "Plan Rows": 1,
                                        "Plan Width": 16,
                                        "Actual Startup Time": 1790.134,
                                        "Actual Total Time": 1790.143,
                                        "Actual Rows": 0,
                                        "Actual Loops": 3,
                                        "Inner Unique": false,
                                        "Hash Cond": "(mc2.movie_id = t2.id)",
                                        "Workers": [],
                                        "Plans": [
                                          {
                                            "Node Type": "Seq Scan",
                                            "Parent Relationship": "Outer",
                                            "Parallel Aware": true,
                                            "Async Capable": false,
                                            "Relation Name": "movie_companies",
                                            "Alias": "mc2",
                                            "Startup Cost": 0.0,
                                            "Total Cost": 55518.57,
                                            "Plan Rows": 2065957,
                                            "Plan Width": 8,
                                            "Actual Startup Time": 0.023,
                                            "Actual Total Time": 0.023,
                                            "Actual Rows": 1,
                                            "Actual Loops": 3,
                                            "Workers": []
                                          },
                                          {
                                            "Node Type": "Hash",
                                            "Parent Relationship": "Inner",
                                            "Parallel Aware": false,
                                            "Async Capable": false,
                                            "Startup Cost": 265535.14,
                                            "Total Cost": 265535.14,
                                            "Plan Rows": 1,
                                            "Plan Width": 24,
                                            "Actual Startup Time": 1790.103,
                                            "Actual Total Time": 1790.111,
                                            "Actual Rows": 0,
                                            "Actual Loops": 3,
                                            "Hash Buckets": 1024,
                                            "Original Hash Buckets": 1024,
                                            "Hash Batches": 1,
                                            "Original Hash Batches": 1,
                                            "Peak Memory Usage": 8,
                                            "Workers": [],
                                            "Plans": [
                                              {
                                                "Node Type": "Hash Join",
                                                "Parent Relationship": "Outer",
                                                "Parallel Aware": false,
                                                "Async Capable": false,
                                                "Join Type": "Inner",
                                                "Startup Cost": 200133.39,
                                                "Total Cost": 265535.14,
                                                "Plan Rows": 1,
                                                "Plan Width": 24,
                                                "Actual Startup Time": 1790.103,
                                                "Actual Total Time": 1790.111,
                                                "Actual Rows": 0,
                                                "Actual Loops": 3,
                                                "Inner Unique": false,
                                                "Hash Cond": "(mi_idx2.movie_id = t2.id)",
                                                "Workers": [],
                                                "Plans": [
                                                  {
                                                    "Node Type": "Nested Loop",
                                                    "Parent Relationship": "Outer",
                                                    "Parallel Aware": false,
                                                    "Async Capable": false,
                                                    "Join Type": "Inner",
                                                    "Startup Cost": 0.43,
                                                    "Total Cost": 65366.16,
                                                    "Plan Rows": 9602,
                                                    "Plan Width": 4,
                                                    "Actual Startup Time": 0.164,
                                                    "Actual Total Time": 0.164,
                                                    "Actual Rows": 1,
                                                    "Actual Loops": 3,
                                                    "Inner Unique": false,
                                                    "Workers": [],
                                                    "Plans": [
                                                      {
                                                        "Node Type": "Seq Scan",
                                                        "Parent Relationship": "Outer",
                                                        "Parallel Aware": false,
                                                        "Async Capable": false,
                                                        "Relation Name": "info_type",
                                                        "Alias": "it2",
                                                        "Startup Cost": 0.0,
                                                        "Total Cost": 2.41,
                                                        "Plan Rows": 1,
                                                        "Plan Width": 4,
                                                        "Actual Startup Time": 0.024,
                                                        "Actual Total Time": 0.024,
                                                        "Actual Rows": 1,
                                                        "Actual Loops": 3,
                                                        "Filter": "((info)::text = 'rating'::text)",
                                                        "Rows Removed by Filter": 100,
                                                        "Workers": []
                                                      },
                                                      {
                                                        "Node Type": "Index Scan",
                                                        "Parent Relationship": "Inner",
                                                        "Parallel Aware": false,
                                                        "Async Capable": false,
                                                        "Scan Direction": "Forward",
                                                        "Index Name": "info_type_id_movie_info_idx",
                                                        "Relation Name": "movie_info_idx",
                                                        "Alias": "mi_idx2",
                                                        "Startup Cost": 0.43,
                                                        "Total Cost": 62651.1,
                                                        "Plan Rows": 271265,
                                                        "Plan Width": 8,
                                                        "Actual Startup Time": 0.138,
                                                        "Actual Total Time": 0.138,
                                                        "Actual Rows": 1,
                                                        "Actual Loops": 3,
                                                        "Index Cond": "(info_type_id = it2.id)",
                                                        "Rows Removed by Index Recheck": 0,
                                                        "Filter": "(info < '3.0'::text)",
                                                        "Rows Removed by Filter": 416,
                                                        "Workers": []
                                                      }
                                                    ]
                                                  },
                                                  {
                                                    "Node Type": "Hash",
                                                    "Parent Relationship": "Inner",
                                                    "Parallel Aware": false,
                                                    "Async Capable": false,
                                                    "Startup Cost": 200132.95,
                                                    "Total Cost": 200132.95,
                                                    "Plan Rows": 1,
                                                    "Plan Width": 20,
                                                    "Actual Startup Time": 1789.931,
                                                    "Actual Total Time": 1789.938,
                                                    "Actual Rows": 0,
                                                    "Actual Loops": 3,
                                                    "Hash Buckets": 1024,
                                                    "Original Hash Buckets": 1024,
                                                    "Hash Batches": 1,
                                                    "Original Hash Batches": 1,
                                                    "Peak Memory Usage": 8,
                                                    "Workers": [],
                                                    "Plans": [
                                                      {
                                                        "Node Type": "Hash Join",
                                                        "Parent Relationship": "Outer",
                                                        "Parallel Aware": false,
                                                        "Async Capable": false,
                                                        "Join Type": "Inner",
                                                        "Startup Cost": 132961.8,
                                                        "Total Cost": 200132.95,
                                                        "Plan Rows": 1,
                                                        "Plan Width": 20,
                                                        "Actual Startup Time": 1789.931,
                                                        "Actual Total Time": 1789.937,
                                                        "Actual Rows": 0,
                                                        "Actual Loops": 3,
                                                        "Inner Unique": false,
                                                        "Hash Cond": "(mi_idx1.movie_id = t1.id)",
                                                        "Workers": [],
                                                        "Plans": [
                                                          {
                                                            "Node Type": "Nested Loop",
                                                            "Parent Relationship": "Outer",
                                                            "Parallel Aware": false,
                                                            "Async Capable": false,
                                                            "Join Type": "Inner",
                                                            "Startup Cost": 0.43,
                                                            "Total Cost": 67092.99,
                                                            "Plan Rows": 20953,
                                                            "Plan Width": 4,
                                                            "Actual Startup Time": 0.019,
                                                            "Actual Total Time": 200.072,
                                                            "Actual Rows": 789155,
                                                            "Actual Loops": 3,
                                                            "Inner Unique": false,
                                                            "Workers": [],
                                                            "Plans": [
                                                              {
                                                                "Node Type": "Seq Scan",
                                                                "Parent Relationship": "Outer",
                                                                "Parallel Aware": false,
                                                                "Async Capable": false,
                                                                "Relation Name": "info_type",
                                                                "Alias": "it1",
                                                                "Startup Cost": 0.0,
                                                                "Total Cost": 2.41,
                                                                "Plan Rows": 1,
                                                                "Plan Width": 4,
                                                                "Actual Startup Time": 0.011,
                                                                "Actual Total Time": 0.016,
                                                                "Actual Rows": 1,
                                                                "Actual Loops": 3,
                                                                "Filter": "((info)::text = 'rating'::text)",
                                                                "Rows Removed by Filter": 112,
                                                                "Workers": []
                                                              },
                                                              {
                                                                "Node Type": "Index Scan",
                                                                "Parent Relationship": "Inner",
                                                                "Parallel Aware": false,
                                                                "Async Capable": false,
                                                                "Scan Direction": "Forward",
                                                                "Index Name": "info_type_id_movie_info_idx",
                                                                "Relation Name": "movie_info_idx",
                                                                "Alias": "mi_idx1",
                                                                "Startup Cost": 0.43,
                                                                "Total Cost": 61171.27,
                                                                "Plan Rows": 591931,
                                                                "Plan Width": 8,
                                                                "Actual Startup Time": 0.007,
                                                                "Actual Total Time": 140.361,
                                                                "Actual Rows": 789155,
                                                                "Actual Loops": 3,
                                                                "Index Cond": "(info_type_id = it1.id)",
                                                                "Rows Removed by Index Recheck": 0,
                                                                "Workers": []
                                                              }
                                                            ]
                                                          },
                                                          {
                                                            "Node Type": "Hash",
                                                            "Parent Relationship": "Inner",
                                                            "Parallel Aware": false,
                                                            "Async Capable": false,
                                                            "Startup Cost": 132961.36,
                                                            "Total Cost": 132961.36,
                                                            "Plan Rows": 1,
                                                            "Plan Width": 16,
                                                            "Actual Startup Time": 1542.601,
                                                            "Actual Total Time": 1542.607,
                                                            "Actual Rows": 1,
                                                            "Actual Loops": 3,
                                                            "Hash Buckets": 1024,
                                                            "Original Hash Buckets": 1024,
                                                            "Hash Batches": 1,
                                                            "Original Hash Batches": 1,
                                                            "Peak Memory Usage": 9,
                                                            "Workers": [],
                                                            "Plans": [
                                                              {
                                                                "Node Type": "Hash Join",
                                                                "Parent Relationship": "Outer",
                                                                "Parallel Aware": false,
                                                                "Async Capable": false,
                                                                "Join Type": "Inner",
                                                                "Startup Cost": 124323.7,
                                                                "Total Cost": 132961.36,
                                                                "Plan Rows": 1,
                                                                "Plan Width": 16,
                                                                "Actual Startup Time": 1542.597,
                                                                "Actual Total Time": 1542.603,
                                                                "Actual Rows": 1,
                                                                "Actual Loops": 3,
                                                                "Inner Unique": true,
                                                                "Hash Cond": "(t2.kind_id = kt2.id)",
                                                                "Workers": [],
                                                                "Plans": [
                                                                  {
                                                                    "Node Type": "Hash Join",
                                                                    "Parent Relationship": "Outer",
                                                                    "Parallel Aware": false,
                                                                    "Async Capable": false,
                                                                    "Join Type": "Inner",
                                                                    "Startup Cost": 124300.89,
                                                                    "Total Cost": 132938.54,
                                                                    "Plan Rows": 1,
                                                                    "Plan Width": 20,
                                                                    "Actual Startup Time": 1444.376,
                                                                    "Actual Total Time": 1542.581,
                                                                    "Actual Rows": 4,
                                                                    "Actual Loops": 3,
                                                                    "Inner Unique": true,
                                                                    "Hash Cond": "(t1.kind_id = kt1.id)",
                                                                    "Workers": [],
                                                                    "Plans": [
                                                                      {
                                                                        "Node Type": "Merge Join",
                                                                        "Parent Relationship": "Outer",
                                                                        "Parallel Aware": false,
                                                                        "Async Capable": false,
                                                                        "Join Type": "Inner",
                                                                        "Startup Cost": 124278.07,
                                                                        "Total Cost": 132915.59,
                                                                        "Plan Rows": 54,
                                                                        "Plan Width": 24,
                                                                        "Actual Startup Time": 1444.291,
                                                                        "Actual Total Time": 1542.519,
                                                                        "Actual Rows": 421,
                                                                        "Actual Loops": 3,
                                                                        "Inner Unique": false,
                                                                        "Merge Cond": "(t1.id = ml.movie_id)",
                                                                        "Workers": [],
                                                                        "Plans": [
                                                                          {
                                                                            "Node Type": "Index Scan",
                                                                            "Parent Relationship": "Outer",
                                                                            "Parallel Aware": false,
                                                                            "Async Capable": false,
                                                                            "Scan Direction": "Forward",
                                                                            "Index Name": "title_pkey",
                                                                            "Relation Name": "title",
                                                                            "Alias": "t1",
                                                                            "Startup Cost": 0.43,
                                                                            "Total Cost": 208347.5,
                                                                            "Plan Rows": 4736114,
                                                                            "Plan Width": 8,
                                                                            "Actual Startup Time": 0.019,
                                                                            "Actual Total Time": 88.757,
                                                                            "Actual Rows": 164756,
                                                                            "Actual Loops": 3,
                                                                            "Workers": []
                                                                          },
                                                                          {
                                                                            "Node Type": "Sort",
                                                                            "Parent Relationship": "Inner",
                                                                            "Parallel Aware": false,
                                                                            "Async Capable": false,
                                                                            "Startup Cost": 124277.64,
                                                                            "Total Cost": 124277.78,
                                                                            "Plan Rows": 54,
                                                                            "Plan Width": 16,
                                                                            "Actual Startup Time": 1443.169,
                                                                            "Actual Total Time": 1443.208,
                                                                            "Actual Rows": 421,
                                                                            "Actual Loops": 3,
                                                                            "Sort Key": [
                                                                              "ml.movie_id"
                                                                            ],
                                                                            "Sort Method": "quicksort",
                                                                            "Sort Space Used": 44,
                                                                            "Sort Space Type": "Memory",
                                                                            "Workers": [
                                                                              {
                                                                                "Worker Number": 0,
                                                                                "Sort Method": "quicksort",
                                                                                "Sort Space Used": 44,
                                                                                "Sort Space Type": "Memory"
                                                                              },
                                                                              {
                                                                                "Worker Number": 1,
                                                                                "Sort Method": "quicksort",
                                                                                "Sort Space Used": 44,
                                                                                "Sort Space Type": "Memory"
                                                                              }
                                                                            ],
                                                                            "Plans": [
                                                                              {
                                                                                "Node Type": "Merge Join",
                                                                                "Parent Relationship": "Outer",
                                                                                "Parallel Aware": false,
                                                                                "Async Capable": false,
                                                                                "Join Type": "Inner",
                                                                                "Startup Cost": 597.65,
                                                                                "Total Cost": 124276.09,
                                                                                "Plan Rows": 54,
                                                                                "Plan Width": 16,
                                                                                "Actual Startup Time": 12.793,
                                                                                "Actual Total Time": 1443.028,
                                                                                "Actual Rows": 421,
                                                                                "Actual Loops": 3,
                                                                                "Inner Unique": false,
                                                                                "Merge Cond": "(t2.id = ml.linked_movie_id)",
                                                                                "Workers": [],
                                                                                "Plans": [
                                                                                  {
                                                                                    "Node Type": "Index Scan",
                                                                                    "Parent Relationship": "Outer",
                                                                                    "Parallel Aware": false,
                                                                                    "Async Capable": false,
                                                                                    "Scan Direction": "Forward",
                                                                                    "Index Name": "title_pkey",
                                                                                    "Relation Name": "title",
                                                                                    "Alias": "t2",
                                                                                    "Startup Cost": 0.43,
                                                                                    "Total Cost": 232028.07,
                                                                                    "Plan Rows": 545914,
                                                                                    "Plan Width": 8,
                                                                                    "Actual Startup Time": 0.007,
                                                                                    "Actual Total Time": 1420.293,
                                                                                    "Actual Rows": 323606,
                                                                                    "Actual Loops": 3,
                                                                                    "Filter": "((production_year >= 2005) AND (production_year <= 2008))",
                                                                                    "Rows Removed by Filter": 2183395,
                                                                                    "Workers": []
                                                                                  },
                                                                                  {
                                                                                    "Node Type": "Sort",
                                                                                    "Parent Relationship": "Inner",
                                                                                    "Parallel Aware": false,
                                                                                    "Async Capable": false,
                                                                                    "Startup Cost": 582.68,
                                                                                    "Total Cost": 583.84,
                                                                                    "Plan Rows": 465,
                                                                                    "Plan Width": 8,
                                                                                    "Actual Startup Time": 5.8,
                                                                                    "Actual Total Time": 6.193,
                                                                                    "Actual Rows": 2315,
                                                                                    "Actual Loops": 3,
                                                                                    "Sort Key": [
                                                                                      "ml.linked_movie_id"
                                                                                    ],
                                                                                    "Sort Method": "quicksort",
                                                                                    "Sort Space Used": 205,
                                                                                    "Sort Space Type": "Memory",
                                                                                    "Workers": [
                                                                                      {
                                                                                        "Worker Number": 0,
                                                                                        "Sort Method": "quicksort",
                                                                                        "Sort Space Used": 205,
                                                                                        "Sort Space Type": "Memory"
                                                                                      },
                                                                                      {
                                                                                        "Worker Number": 1,
                                                                                        "Sort Method": "quicksort",
                                                                                        "Sort Space Used": 205,
                                                                                        "Sort Space Type": "Memory"
                                                                                      }
                                                                                    ],
                                                                                    "Plans": [
                                                                                      {
                                                                                        "Node Type": "Hash Join",
                                                                                        "Parent Relationship": "Outer",
                                                                                        "Parallel Aware": false,
                                                                                        "Async Capable": false,
                                                                                        "Join Type": "Inner",
                                                                                        "Startup Cost": 19.9,
                                                                                        "Total Cost": 562.08,
                                                                                        "Plan Rows": 465,
                                                                                        "Plan Width": 8,
                                                                                        "Actual Startup Time": 0.047,
                                                                                        "Actual Total Time": 5.337,
                                                                                        "Actual Rows": 2315,
                                                                                        "Actual Loops": 3,
                                                                                        "Inner Unique": true,
                                                                                        "Hash Cond": "(ml.link_type_id = lt.id)",
                                                                                        "Workers": [],
                                                                                        "Plans": [
                                                                                          {
                                                                                            "Node Type": "Seq Scan",
                                                                                            "Parent Relationship": "Outer",
                                                                                            "Parallel Aware": false,
                                                                                            "Async Capable": false,
                                                                                            "Relation Name": "movie_link",
                                                                                            "Alias": "ml",
                                                                                            "Startup Cost": 0.0,
                                                                                            "Total Cost": 462.97,
                                                                                            "Plan Rows": 29997,
                                                                                            "Plan Width": 12,
                                                                                            "Actual Startup Time": 0.009,
                                                                                            "Actual Total Time": 2.076,
                                                                                            "Actual Rows": 29997,
                                                                                            "Actual Loops": 3,
                                                                                            "Workers": []
                                                                                          },
                                                                                          {
                                                                                            "Node Type": "Hash",
                                                                                            "Parent Relationship": "Inner",
                                                                                            "Parallel Aware": false,
                                                                                            "Async Capable": false,
                                                                                            "Startup Cost": 19.76,
                                                                                            "Total Cost": 19.76,
                                                                                            "Plan Rows": 11,
                                                                                            "Plan Width": 4,
                                                                                            "Actual Startup Time": 0.018,
                                                                                            "Actual Total Time": 0.019,
                                                                                            "Actual Rows": 2,
                                                                                            "Actual Loops": 3,
                                                                                            "Hash Buckets": 1024,
                                                                                            "Original Hash Buckets": 1024,
                                                                                            "Hash Batches": 1,
                                                                                            "Original Hash Batches": 1,
                                                                                            "Peak Memory Usage": 9,
                                                                                            "Workers": [],
                                                                                            "Plans": [
                                                                                              {
                                                                                                "Node Type": "Seq Scan",
                                                                                                "Parent Relationship": "Outer",
                                                                                                "Parallel Aware": false,
                                                                                                "Async Capable": false,
                                                                                                "Relation Name": "link_type",
                                                                                                "Alias": "lt",
                                                                                                "Startup Cost": 0.0,
                                                                                                "Total Cost": 19.76,
                                                                                                "Plan Rows": 11,
                                                                                                "Plan Width": 4,
                                                                                                "Actual Startup Time": 0.008,
                                                                                                "Actual Total Time": 0.016,
                                                                                                "Actual Rows": 2,
                                                                                                "Actual Loops": 3,
                                                                                                "Filter": "((link)::text = ANY ('{sequel,follows,\"followed by\"}'::text[]))",
                                                                                                "Rows Removed by Filter": 16,
                                                                                                "Workers": []
                                                                                              }
                                                                                            ]
                                                                                          }
                                                                                        ]
                                                                                      }
                                                                                    ]
                                                                                  }
                                                                                ]
                                                                              }
                                                                            ]
                                                                          }
                                                                        ]
                                                                      },
                                                                      {
                                                                        "Node Type": "Hash",
                                                                        "Parent Relationship": "Inner",
                                                                        "Parallel Aware": false,
                                                                        "Async Capable": false,
                                                                        "Startup Cost": 22.75,
                                                                        "Total Cost": 22.75,
                                                                        "Plan Rows": 5,
                                                                        "Plan Width": 4,
                                                                        "Actual Startup Time": 0.004,
                                                                        "Actual Total Time": 0.004,
                                                                        "Actual Rows": 1,
                                                                        "Actual Loops": 3,
                                                                        "Hash Buckets": 1024,
                                                                        "Original Hash Buckets": 1024,
                                                                        "Hash Batches": 1,
                                                                        "Original Hash Batches": 1,
                                                                        "Peak Memory Usage": 9,
                                                                        "Workers": [],
                                                                        "Plans": [
                                                                          {
                                                                            "Node Type": "Seq Scan",
                                                                            "Parent Relationship": "Outer",
                                                                            "Parallel Aware": false,
                                                                            "Async Capable": false,
                                                                            "Relation Name": "kind_type",
                                                                            "Alias": "kt1",
                                                                            "Startup Cost": 0.0,
                                                                            "Total Cost": 22.75,
                                                                            "Plan Rows": 5,
                                                                            "Plan Width": 4,
                                                                            "Actual Startup Time": 0.002,
                                                                            "Actual Total Time": 0.002,
                                                                            "Actual Rows": 1,
                                                                            "Actual Loops": 3,
                                                                            "Filter": "((kind)::text = 'tv series'::text)",
                                                                            "Rows Removed by Filter": 6,
                                                                            "Workers": []
                                                                          }
                                                                        ]
                                                                      }
                                                                    ]
                                                                  },
                                                                  {
                                                                    "Node Type": "Hash",
                                                                    "Parent Relationship": "Inner",
                                                                    "Parallel Aware": false,
                                                                    "Async Capable": false,
                                                                    "Startup Cost": 22.75,
                                                                    "Total Cost": 22.75,
                                                                    "Plan Rows": 5,
                                                                    "Plan Width": 4,
                                                                    "Actual Startup Time": 0.011,
                                                                    "Actual Total Time": 0.011,
                                                                    "Actual Rows": 1,
                                                                    "Actual Loops": 3,
                                                                    "Hash Buckets": 1024,
                                                                    "Original Hash Buckets": 1024,
                                                                    "Hash Batches": 1,
                                                                    "Original Hash Batches": 1,
                                                                    "Peak Memory Usage": 9,
                                                                    "Workers": [],
                                                                    "Plans": [
                                                                      {
                                                                        "Node Type": "Seq Scan",
                                                                        "Parent Relationship": "Outer",
                                                                        "Parallel Aware": false,
                                                                        "Async Capable": false,
                                                                        "Relation Name": "kind_type",
                                                                        "Alias": "kt2",
                                                                        "Startup Cost": 0.0,
                                                                        "Total Cost": 22.75,
                                                                        "Plan Rows": 5,
                                                                        "Plan Width": 4,
                                                                        "Actual Startup Time": 0.007,
                                                                        "Actual Total Time": 0.008,
                                                                        "Actual Rows": 1,
                                                                        "Actual Loops": 3,
                                                                        "Filter": "((kind)::text = 'tv series'::text)",
                                                                        "Rows Removed by Filter": 6,
                                                                        "Workers": []
                                                                      }
                                                                    ]
                                                                  }
                                                                ]
                                                              }
                                                            ]
                                                          }
                                                        ]
                                                      }
                                                    ]
                                                  }
                                                ]
                                              }
                                            ]
                                          }
                                        ]
                                      }
                                    ]
                                  }
                                ]
                              }
                            ]
                          }
                        ]
                      }
                    ]
                  }
                ]
              }
            ]
          }
        ]
      },
      "Planning Time": 1.823,
      "Triggers": [],
      "Execution Time": 1817.242
    }
  ]
