[
    {
      "Plan": {
        "Node Type": "Aggregate",
        "Strategy": "Plain",
        "Partial Mode": "Simple",
        "Parallel Aware": false,
        "Async Capable": false,
        "Startup Cost": 325977.06,
        "Total Cost": 325977.07,
        "Plan Rows": 1,
        "Plan Width": 8,
        "Actual Startup Time": 1562.475,
        "Actual Total Time": 1565.836,
        "Actual Rows": 1,
        "Actual Loops": 1,
        "Plans": [
          {
            "Node Type": "Gather",
            "Parent Relationship": "Outer",
            "Parallel Aware": false,
            "Async Capable": false,
            "Startup Cost": 319250.12,
            "Total Cost": 325977.06,
            "Plan Rows": 1,
            "Plan Width": 0,
            "Actual Startup Time": 1562.472,
            "Actual Total Time": 1565.832,
            "Actual Rows": 0,
            "Actual Loops": 1,
            "Workers Planned": 2,
            "Workers Launched": 2,
            "Single Copy": false,
            "Plans": [
              {
                "Node Type": "Hash Join",
                "Parent Relationship": "Outer",
                "Parallel Aware": true,
                "Async Capable": false,
                "Join Type": "Inner",
                "Startup Cost": 318250.12,
                "Total Cost": 324976.96,
                "Plan Rows": 1,
                "Plan Width": 0,
                "Actual Startup Time": 1559.985,
                "Actual Total Time": 1559.997,
                "Actual Rows": 0,
                "Actual Loops": 3,
                "Inner Unique": false,
                "Hash Cond": "(cn1.id = mc1.company_id)",
                "Workers": [],
                "Plans": [
                  {
                    "Node Type": "Seq Scan",
                    "Parent Relationship": "Outer",
                    "Parallel Aware": true,
                    "Async Capable": false,
                    "Relation Name": "company_name",
                    "Alias": "cn1",
                    "Startup Cost": 0.0,
                    "Total Cost": 6509.1,
                    "Plan Rows": 58062,
                    "Plan Width": 4,
                    "Actual Startup Time": 0.0,
                    "Actual Total Time": 0.0,
                    "Actual Rows": 0,
                    "Actual Loops": 0,
                    "Filter": "((country_code)::text = '[us]'::text)",
                    "Rows Removed by Filter": 0,
                    "Workers": []
                  },
                  {
                    "Node Type": "Hash",
                    "Parent Relationship": "Inner",
                    "Parallel Aware": true,
                    "Async Capable": false,
                    "Startup Cost": 318250.1,
                    "Total Cost": 318250.1,
                    "Plan Rows": 1,
                    "Plan Width": 4,
                    "Actual Startup Time": 1559.774,
                    "Actual Total Time": 1559.785,
                    "Actual Rows": 0,
                    "Actual Loops": 3,
                    "Hash Buckets": 1024,
                    "Original Hash Buckets": 1024,
                    "Hash Batches": 1,
                    "Original Hash Batches": 1,
                    "Peak Memory Usage": 0,
                    "Workers": [],
                    "Plans": [
                      {
                        "Node Type": "Hash Join",
                        "Parent Relationship": "Outer",
                        "Parallel Aware": true,
                        "Async Capable": false,
                        "Join Type": "Inner",
                        "Startup Cost": 254984.19,
                        "Total Cost": 318250.1,
                        "Plan Rows": 1,
                        "Plan Width": 4,
                        "Actual Startup Time": 1559.754,
                        "Actual Total Time": 1559.764,
                        "Actual Rows": 0,
                        "Actual Loops": 3,
                        "Inner Unique": false,
                        "Hash Cond": "(mc1.movie_id = t1.id)",
                        "Workers": [],
                        "Plans": [
                          {
                            "Node Type": "Seq Scan",
                            "Parent Relationship": "Outer",
                            "Parallel Aware": true,
                            "Async Capable": false,
                            "Relation Name": "movie_companies",
                            "Alias": "mc1",
                            "Startup Cost": 0.0,
                            "Total Cost": 55518.57,
                            "Plan Rows": 2065957,
                            "Plan Width": 8,
                            "Actual Startup Time": 0.0,
                            "Actual Total Time": 0.0,
                            "Actual Rows": 0,
                            "Actual Loops": 0,
                            "Workers": []
                          },
                          {
                            "Node Type": "Hash",
                            "Parent Relationship": "Inner",
                            "Parallel Aware": true,
                            "Async Capable": false,
                            "Startup Cost": 254984.18,
                            "Total Cost": 254984.18,
                            "Plan Rows": 1,
                            "Plan Width": 12,
                            "Actual Startup Time": 1559.75,
                            "Actual Total Time": 1559.76,
                            "Actual Rows": 0,
                            "Actual Loops": 3,
                            "Hash Buckets": 1024,
                            "Original Hash Buckets": 1024,
                            "Hash Batches": 1,
                            "Original Hash Batches": 1,
                            "Peak Memory Usage": 0,
                            "Workers": [],
                            "Plans": [
                              {
                                "Node Type": "Hash Join",
                                "Parent Relationship": "Outer",
                                "Parallel Aware": true,
                                "Async Capable": false,
                                "Join Type": "Inner",
                                "Startup Cost": 248286.46,
                                "Total Cost": 254984.18,
                                "Plan Rows": 1,
                                "Plan Width": 12,
                                "Actual Startup Time": 1559.741,
                                "Actual Total Time": 1559.75,
                                "Actual Rows": 0,
                                "Actual Loops": 3,
                                "Inner Unique": false,
                                "Hash Cond": "(cn2.id = mc2.company_id)",
                                "Workers": [],
                                "Plans": [
                                  {
                                    "Node Type": "Seq Scan",
                                    "Parent Relationship": "Outer",
                                    "Parallel Aware": true,
                                    "Async Capable": false,
                                    "Relation Name": "company_name",
                                    "Alias": "cn2",
                                    "Startup Cost": 0.0,
                                    "Total Cost": 6131.88,
                                    "Plan Rows": 150888,
                                    "Plan Width": 4,
                                    "Actual Startup Time": 0.0,
                                    "Actual Total Time": 0.0,
                                    "Actual Rows": 0,
                                    "Actual Loops": 0,
                                    "Workers": []
                                  },
                                  {
                                    "Node Type": "Hash",
                                    "Parent Relationship": "Inner",
                                    "Parallel Aware": true,
                                    "Async Capable": false,
                                    "Startup Cost": 248286.45,
                                    "Total Cost": 248286.45,
                                    "Plan Rows": 1,
                                    "Plan Width": 16,
                                    "Actual Startup Time": 1559.735,
                                    "Actual Total Time": 1559.744,
                                    "Actual Rows": 0,
                                    "Actual Loops": 3,
                                    "Hash Buckets": 1024,
                                    "Original Hash Buckets": 1024,
                                    "Hash Batches": 1,
                                    "Original Hash Batches": 1,
                                    "Peak Memory Usage": 0,
                                    "Workers": [],
                                    "Plans": [
                                      {
                                        "Node Type": "Hash Join",
                                        "Parent Relationship": "Outer",
                                        "Parallel Aware": true,
                                        "Async Capable": false,
                                        "Join Type": "Inner",
                                        "Startup Cost": 185020.53,
                                        "Total Cost": 248286.45,
                                        "Plan Rows": 1,
                                        "Plan Width": 16,
                                        "Actual Startup Time": 1559.725,
                                        "Actual Total Time": 1559.734,
                                        "Actual Rows": 0,
                                        "Actual Loops": 3,
                                        "Inner Unique": false,
                                        "Hash Cond": "(mc2.movie_id = t2.id)",
                                        "Workers": [],
                                        "Plans": [
                                          {
                                            "Node Type": "Seq Scan",
                                            "Parent Relationship": "Outer",
                                            "Parallel Aware": true,
                                            "Async Capable": false,
                                            "Relation Name": "movie_companies",
                                            "Alias": "mc2",
                                            "Startup Cost": 0.0,
                                            "Total Cost": 55518.57,
                                            "Plan Rows": 2065957,
                                            "Plan Width": 8,
                                            "Actual Startup Time": 0.0,
                                            "Actual Total Time": 0.0,
                                            "Actual Rows": 0,
                                            "Actual Loops": 0,
                                            "Workers": []
                                          },
                                          {
                                            "Node Type": "Hash",
                                            "Parent Relationship": "Inner",
                                            "Parallel Aware": true,
                                            "Async Capable": false,
                                            "Startup Cost": 185020.52,
                                            "Total Cost": 185020.52,
                                            "Plan Rows": 1,
                                            "Plan Width": 24,
                                            "Actual Startup Time": 1559.722,
                                            "Actual Total Time": 1559.731,
                                            "Actual Rows": 0,
                                            "Actual Loops": 3,
                                            "Hash Buckets": 1024,
                                            "Original Hash Buckets": 1024,
                                            "Hash Batches": 1,
                                            "Original Hash Batches": 1,
                                            "Peak Memory Usage": 0,
                                            "Workers": [],
                                            "Plans": [
                                              {
                                                "Node Type": "Hash Join",
                                                "Parent Relationship": "Outer",
                                                "Parallel Aware": true,
                                                "Async Capable": false,
                                                "Join Type": "Inner",
                                                "Startup Cost": 157819.31,
                                                "Total Cost": 185020.52,
                                                "Plan Rows": 1,
                                                "Plan Width": 24,
                                                "Actual Startup Time": 1559.654,
                                                "Actual Total Time": 1559.662,
                                                "Actual Rows": 0,
                                                "Actual Loops": 3,
                                                "Inner Unique": false,
                                                "Hash Cond": "(mi_idx2.movie_id = t2.id)",
                                                "Workers": [],
                                                "Plans": [
                                                  {
                                                    "Node Type": "Hash Join",
                                                    "Parent Relationship": "Outer",
                                                    "Parallel Aware": false,
                                                    "Async Capable": false,
                                                    "Join Type": "Inner",
                                                    "Startup Cost": 2.43,
                                                    "Total Cost": 27188.62,
                                                    "Plan Rows": 4001,
                                                    "Plan Width": 4,
                                                    "Actual Startup Time": 0.0,
                                                    "Actual Total Time": 0.0,
                                                    "Actual Rows": 0,
                                                    "Actual Loops": 0,
                                                    "Inner Unique": true,
                                                    "Hash Cond": "(mi_idx2.info_type_id = it2.id)",
                                                    "Workers": [],
                                                    "Plans": [
                                                      {
                                                        "Node Type": "Seq Scan",
                                                        "Parent Relationship": "Outer",
                                                        "Parallel Aware": true,
                                                        "Async Capable": false,
                                                        "Relation Name": "movie_info_idx",
                                                        "Alias": "mi_idx2",
                                                        "Startup Cost": 0.0,
                                                        "Total Cost": 25954.9,
                                                        "Plan Rows": 452109,
                                                        "Plan Width": 8,
                                                        "Actual Startup Time": 0.0,
                                                        "Actual Total Time": 0.0,
                                                        "Actual Rows": 0,
                                                        "Actual Loops": 0,
                                                        "Filter": "(info < '3.0'::text)",
                                                        "Rows Removed by Filter": 0,
                                                        "Workers": []
                                                      },
                                                      {
                                                        "Node Type": "Hash",
                                                        "Parent Relationship": "Inner",
                                                        "Parallel Aware": false,
                                                        "Async Capable": false,
                                                        "Startup Cost": 2.41,
                                                        "Total Cost": 2.41,
                                                        "Plan Rows": 1,
                                                        "Plan Width": 4,
                                                        "Actual Startup Time": 0.0,
                                                        "Actual Total Time": 0.0,
                                                        "Actual Rows": 0,
                                                        "Actual Loops": 0,
                                                        "Workers": [],
                                                        "Plans": [
                                                          {
                                                            "Node Type": "Seq Scan",
                                                            "Parent Relationship": "Outer",
                                                            "Parallel Aware": false,
                                                            "Async Capable": false,
                                                            "Relation Name": "info_type",
                                                            "Alias": "it2",
                                                            "Startup Cost": 0.0,
                                                            "Total Cost": 2.41,
                                                            "Plan Rows": 1,
                                                            "Plan Width": 4,
                                                            "Actual Startup Time": 0.0,
                                                            "Actual Total Time": 0.0,
                                                            "Actual Rows": 0,
                                                            "Actual Loops": 0,
                                                            "Filter": "((info)::text = 'rating'::text)",
                                                            "Rows Removed by Filter": 0,
                                                            "Workers": []
                                                          }
                                                        ]
                                                      }
                                                    ]
                                                  },
                                                  {
                                                    "Node Type": "Hash",
                                                    "Parent Relationship": "Inner",
                                                    "Parallel Aware": true,
                                                    "Async Capable": false,
                                                    "Startup Cost": 157816.87,
                                                    "Total Cost": 157816.87,
                                                    "Plan Rows": 1,
                                                    "Plan Width": 20,
                                                    "Actual Startup Time": 1559.65,
                                                    "Actual Total Time": 1559.657,
                                                    "Actual Rows": 0,
                                                    "Actual Loops": 3,
                                                    "Hash Buckets": 1024,
                                                    "Original Hash Buckets": 1024,
                                                    "Hash Batches": 1,
                                                    "Original Hash Batches": 1,
                                                    "Peak Memory Usage": 0,
                                                    "Workers": [],
                                                    "Plans": [
                                                      {
                                                        "Node Type": "Hash Join",
                                                        "Parent Relationship": "Outer",
                                                        "Parallel Aware": true,
                                                        "Async Capable": false,
                                                        "Join Type": "Inner",
                                                        "Startup Cost": 131608.77,
                                                        "Total Cost": 157816.87,
                                                        "Plan Rows": 1,
                                                        "Plan Width": 20,
                                                        "Actual Startup Time": 1559.603,
                                                        "Actual Total Time": 1559.61,
                                                        "Actual Rows": 0,
                                                        "Actual Loops": 3,
                                                        "Inner Unique": false,
                                                        "Hash Cond": "(mi_idx1.movie_id = t1.id)",
                                                        "Workers": [],
                                                        "Plans": [
                                                          {
                                                            "Node Type": "Hash Join",
                                                            "Parent Relationship": "Outer",
                                                            "Parallel Aware": false,
                                                            "Async Capable": false,
                                                            "Join Type": "Inner",
                                                            "Startup Cost": 2.43,
                                                            "Total Cost": 26177.78,
                                                            "Plan Rows": 8730,
                                                            "Plan Width": 4,
                                                            "Actual Startup Time": 0.058,
                                                            "Actual Total Time": 135.277,
                                                            "Actual Rows": 263052,
                                                            "Actual Loops": 3,
                                                            "Inner Unique": true,
                                                            "Hash Cond": "(mi_idx1.info_type_id = it1.id)",
                                                            "Workers": [],
                                                            "Plans": [
                                                              {
                                                                "Node Type": "Seq Scan",
                                                                "Parent Relationship": "Outer",
                                                                "Parallel Aware": true,
                                                                "Async Capable": false,
                                                                "Relation Name": "movie_info_idx",
                                                                "Alias": "mi_idx1",
                                                                "Startup Cost": 0.0,
                                                                "Total Cost": 23488.52,
                                                                "Plan Rows": 986552,
                                                                "Plan Width": 8,
                                                                "Actual Startup Time": 0.027,
                                                                "Actual Total Time": 53.553,
                                                                "Actual Rows": 789242,
                                                                "Actual Loops": 3,
                                                                "Workers": []
                                                              },
                                                              {
                                                                "Node Type": "Hash",
                                                                "Parent Relationship": "Inner",
                                                                "Parallel Aware": false,
                                                                "Async Capable": false,
                                                                "Startup Cost": 2.41,
                                                                "Total Cost": 2.41,
                                                                "Plan Rows": 1,
                                                                "Plan Width": 4,
                                                                "Actual Startup Time": 0.022,
                                                                "Actual Total Time": 0.022,
                                                                "Actual Rows": 1,
                                                                "Actual Loops": 3,
                                                                "Hash Buckets": 1024,
                                                                "Original Hash Buckets": 1024,
                                                                "Hash Batches": 1,
                                                                "Original Hash Batches": 1,
                                                                "Peak Memory Usage": 9,
                                                                "Workers": [],
                                                                "Plans": [
                                                                  {
                                                                    "Node Type": "Seq Scan",
                                                                    "Parent Relationship": "Outer",
                                                                    "Parallel Aware": false,
                                                                    "Async Capable": false,
                                                                    "Relation Name": "info_type",
                                                                    "Alias": "it1",
                                                                    "Startup Cost": 0.0,
                                                                    "Total Cost": 2.41,
                                                                    "Plan Rows": 1,
                                                                    "Plan Width": 4,
                                                                    "Actual Startup Time": 0.016,
                                                                    "Actual Total Time": 0.018,
                                                                    "Actual Rows": 1,
                                                                    "Actual Loops": 3,
                                                                    "Filter": "((info)::text = 'rating'::text)",
                                                                    "Rows Removed by Filter": 112,
                                                                    "Workers": []
                                                                  }
                                                                ]
                                                              }
                                                            ]
                                                          },
                                                          {
                                                            "Node Type": "Hash",
                                                            "Parent Relationship": "Inner",
                                                            "Parallel Aware": true,
                                                            "Async Capable": false,
                                                            "Startup Cost": 131606.33,
                                                            "Total Cost": 131606.33,
                                                            "Plan Rows": 1,
                                                            "Plan Width": 16,
                                                            "Actual Startup Time": 1405.736,
                                                            "Actual Total Time": 1405.741,
                                                            "Actual Rows": 0,
                                                            "Actual Loops": 3,
                                                            "Hash Buckets": 1024,
                                                            "Original Hash Buckets": 1024,
                                                            "Hash Batches": 1,
                                                            "Original Hash Batches": 1,
                                                            "Peak Memory Usage": 40,
                                                            "Workers": [],
                                                            "Plans": [
                                                              {
                                                                "Node Type": "Hash Join",
                                                                "Parent Relationship": "Outer",
                                                                "Parallel Aware": false,
                                                                "Async Capable": false,
                                                                "Join Type": "Inner",
                                                                "Startup Cost": 124323.7,
                                                                "Total Cost": 131606.33,
                                                                "Plan Rows": 1,
                                                                "Plan Width": 16,
                                                                "Actual Startup Time": 1405.675,
                                                                "Actual Total Time": 1405.681,
                                                                "Actual Rows": 0,
                                                                "Actual Loops": 3,
                                                                "Inner Unique": true,
                                                                "Hash Cond": "(t2.kind_id = kt2.id)",
                                                                "Workers": [],
                                                                "Plans": [
                                                                  {
                                                                    "Node Type": "Hash Join",
                                                                    "Parent Relationship": "Outer",
                                                                    "Parallel Aware": false,
                                                                    "Async Capable": false,
                                                                    "Join Type": "Inner",
                                                                    "Startup Cost": 124300.89,
                                                                    "Total Cost": 131583.52,
                                                                    "Plan Rows": 1,
                                                                    "Plan Width": 20,
                                                                    "Actual Startup Time": 1395.246,
                                                                    "Actual Total Time": 1405.656,
                                                                    "Actual Rows": 1,
                                                                    "Actual Loops": 3,
                                                                    "Inner Unique": true,
                                                                    "Hash Cond": "(t1.kind_id = kt1.id)",
                                                                    "Workers": [],
                                                                    "Plans": [
                                                                      {
                                                                        "Node Type": "Merge Join",
                                                                        "Parent Relationship": "Outer",
                                                                        "Parallel Aware": false,
                                                                        "Async Capable": false,
                                                                        "Join Type": "Inner",
                                                                        "Startup Cost": 124278.07,
                                                                        "Total Cost": 131560.64,
                                                                        "Plan Rows": 22,
                                                                        "Plan Width": 24,
                                                                        "Actual Startup Time": 1374.667,
                                                                        "Actual Total Time": 1405.619,
                                                                        "Actual Rows": 140,
                                                                        "Actual Loops": 3,
                                                                        "Inner Unique": false,
                                                                        "Merge Cond": "(t1.id = ml.movie_id)",
                                                                        "Workers": [],
                                                                        "Plans": [
                                                                          {
                                                                            "Node Type": "Index Scan",
                                                                            "Parent Relationship": "Outer",
                                                                            "Parallel Aware": true,
                                                                            "Async Capable": false,
                                                                            "Scan Direction": "Forward",
                                                                            "Index Name": "title_pkey",
                                                                            "Relation Name": "title",
                                                                            "Alias": "t1",
                                                                            "Startup Cost": 0.43,
                                                                            "Total Cost": 180720.17,
                                                                            "Plan Rows": 1973381,
                                                                            "Plan Width": 8,
                                                                            "Actual Startup Time": 0.038,
                                                                            "Actual Total Time": 28.741,
                                                                            "Actual Rows": 54919,
                                                                            "Actual Loops": 3,
                                                                            "Workers": []
                                                                          },
                                                                          {
                                                                            "Node Type": "Sort",
                                                                            "Parent Relationship": "Inner",
                                                                            "Parallel Aware": false,
                                                                            "Async Capable": false,
                                                                            "Startup Cost": 124277.64,
                                                                            "Total Cost": 124277.78,
                                                                            "Plan Rows": 54,
                                                                            "Plan Width": 16,
                                                                            "Actual Startup Time": 1373.315,
                                                                            "Actual Total Time": 1373.358,
                                                                            "Actual Rows": 421,
                                                                            "Actual Loops": 3,
                                                                            "Sort Key": [
                                                                              "ml.movie_id"
                                                                            ],
                                                                            "Sort Method": "quicksort",
                                                                            "Sort Space Used": 44,
                                                                            "Sort Space Type": "Memory",
                                                                            "Workers": [
                                                                              {
                                                                                "Worker Number": 0,
                                                                                "Sort Method": "quicksort",
                                                                                "Sort Space Used": 44,
                                                                                "Sort Space Type": "Memory"
                                                                              },
                                                                              {
                                                                                "Worker Number": 1,
                                                                                "Sort Method": "quicksort",
                                                                                "Sort Space Used": 44,
                                                                                "Sort Space Type": "Memory"
                                                                              }
                                                                            ],
                                                                            "Plans": [
                                                                              {
                                                                                "Node Type": "Merge Join",
                                                                                "Parent Relationship": "Outer",
                                                                                "Parallel Aware": false,
                                                                                "Async Capable": false,
                                                                                "Join Type": "Inner",
                                                                                "Startup Cost": 597.65,
                                                                                "Total Cost": 124276.09,
                                                                                "Plan Rows": 54,
                                                                                "Plan Width": 16,
                                                                                "Actual Startup Time": 7.081,
                                                                                "Actual Total Time": 1373.158,
                                                                                "Actual Rows": 421,
                                                                                "Actual Loops": 3,
                                                                                "Inner Unique": false,
                                                                                "Merge Cond": "(t2.id = ml.linked_movie_id)",
                                                                                "Workers": [],
                                                                                "Plans": [
                                                                                  {
                                                                                    "Node Type": "Index Scan",
                                                                                    "Parent Relationship": "Outer",
                                                                                    "Parallel Aware": false,
                                                                                    "Async Capable": false,
                                                                                    "Scan Direction": "Forward",
                                                                                    "Index Name": "title_pkey",
                                                                                    "Relation Name": "title",
                                                                                    "Alias": "t2",
                                                                                    "Startup Cost": 0.43,
                                                                                    "Total Cost": 232028.07,
                                                                                    "Plan Rows": 545914,
                                                                                    "Plan Width": 8,
                                                                                    "Actual Startup Time": 0.026,
                                                                                    "Actual Total Time": 1352.057,
                                                                                    "Actual Rows": 323606,
                                                                                    "Actual Loops": 3,
                                                                                    "Filter": "((production_year >= 2005) AND (production_year <= 2008))",
                                                                                    "Rows Removed by Filter": 2183395,
                                                                                    "Workers": []
                                                                                  },
                                                                                  {
                                                                                    "Node Type": "Sort",
                                                                                    "Parent Relationship": "Inner",
                                                                                    "Parallel Aware": false,
                                                                                    "Async Capable": false,
                                                                                    "Startup Cost": 582.68,
                                                                                    "Total Cost": 583.84,
                                                                                    "Plan Rows": 465,
                                                                                    "Plan Width": 8,
                                                                                    "Actual Startup Time": 4.888,
                                                                                    "Actual Total Time": 5.281,
                                                                                    "Actual Rows": 2315,
                                                                                    "Actual Loops": 3,
                                                                                    "Sort Key": [
                                                                                      "ml.linked_movie_id"
                                                                                    ],
                                                                                    "Sort Method": "quicksort",
                                                                                    "Sort Space Used": 205,
                                                                                    "Sort Space Type": "Memory",
                                                                                    "Workers": [
                                                                                      {
                                                                                        "Worker Number": 0,
                                                                                        "Sort Method": "quicksort",
                                                                                        "Sort Space Used": 205,
                                                                                        "Sort Space Type": "Memory"
                                                                                      },
                                                                                      {
                                                                                        "Worker Number": 1,
                                                                                        "Sort Method": "quicksort",
                                                                                        "Sort Space Used": 205,
                                                                                        "Sort Space Type": "Memory"
                                                                                      }
                                                                                    ],
                                                                                    "Plans": [
                                                                                      {
                                                                                        "Node Type": "Hash Join",
                                                                                        "Parent Relationship": "Outer",
                                                                                        "Parallel Aware": false,
                                                                                        "Async Capable": false,
                                                                                        "Join Type": "Inner",
                                                                                        "Startup Cost": 19.9,
                                                                                        "Total Cost": 562.08,
                                                                                        "Plan Rows": 465,
                                                                                        "Plan Width": 8,
                                                                                        "Actual Startup Time": 0.03,
                                                                                        "Actual Total Time": 4.415,
                                                                                        "Actual Rows": 2315,
                                                                                        "Actual Loops": 3,
                                                                                        "Inner Unique": true,
                                                                                        "Hash Cond": "(ml.link_type_id = lt.id)",
                                                                                        "Workers": [],
                                                                                        "Plans": [
                                                                                          {
                                                                                            "Node Type": "Seq Scan",
                                                                                            "Parent Relationship": "Outer",
                                                                                            "Parallel Aware": false,
                                                                                            "Async Capable": false,
                                                                                            "Relation Name": "movie_link",
                                                                                            "Alias": "ml",
                                                                                            "Startup Cost": 0.0,
                                                                                            "Total Cost": 462.97,
                                                                                            "Plan Rows": 29997,
                                                                                            "Plan Width": 12,
                                                                                            "Actual Startup Time": 0.005,
                                                                                            "Actual Total Time": 1.799,
                                                                                            "Actual Rows": 29997,
                                                                                            "Actual Loops": 3,
                                                                                            "Workers": []
                                                                                          },
                                                                                          {
                                                                                            "Node Type": "Hash",
                                                                                            "Parent Relationship": "Inner",
                                                                                            "Parallel Aware": false,
                                                                                            "Async Capable": false,
                                                                                            "Startup Cost": 19.76,
                                                                                            "Total Cost": 19.76,
                                                                                            "Plan Rows": 11,
                                                                                            "Plan Width": 4,
                                                                                            "Actual Startup Time": 0.009,
                                                                                            "Actual Total Time": 0.01,
                                                                                            "Actual Rows": 2,
                                                                                            "Actual Loops": 3,
                                                                                            "Hash Buckets": 1024,
                                                                                            "Original Hash Buckets": 1024,
                                                                                            "Hash Batches": 1,
                                                                                            "Original Hash Batches": 1,
                                                                                            "Peak Memory Usage": 9,
                                                                                            "Workers": [],
                                                                                            "Plans": [
                                                                                              {
                                                                                                "Node Type": "Seq Scan",
                                                                                                "Parent Relationship": "Outer",
                                                                                                "Parallel Aware": false,
                                                                                                "Async Capable": false,
                                                                                                "Relation Name": "link_type",
                                                                                                "Alias": "lt",
                                                                                                "Startup Cost": 0.0,
                                                                                                "Total Cost": 19.76,
                                                                                                "Plan Rows": 11,
                                                                                                "Plan Width": 4,
                                                                                                "Actual Startup Time": 0.005,
                                                                                                "Actual Total Time": 0.008,
                                                                                                "Actual Rows": 2,
                                                                                                "Actual Loops": 3,
                                                                                                "Filter": "((link)::text = ANY ('{sequel,follows,\"followed by\"}'::text[]))",
                                                                                                "Rows Removed by Filter": 16,
                                                                                                "Workers": []
                                                                                              }
                                                                                            ]
                                                                                          }
                                                                                        ]
                                                                                      }
                                                                                    ]
                                                                                  }
                                                                                ]
                                                                              }
                                                                            ]
                                                                          }
                                                                        ]
                                                                      },
                                                                      {
                                                                        "Node Type": "Hash",
                                                                        "Parent Relationship": "Inner",
                                                                        "Parallel Aware": false,
                                                                        "Async Capable": false,
                                                                        "Startup Cost": 22.75,
                                                                        "Total Cost": 22.75,
                                                                        "Plan Rows": 5,
                                                                        "Plan Width": 4,
                                                                        "Actual Startup Time": 0.004,
                                                                        "Actual Total Time": 0.005,
                                                                        "Actual Rows": 1,
                                                                        "Actual Loops": 3,
                                                                        "Hash Buckets": 1024,
                                                                        "Original Hash Buckets": 1024,
                                                                        "Hash Batches": 1,
                                                                        "Original Hash Batches": 1,
                                                                        "Peak Memory Usage": 9,
                                                                        "Workers": [],
                                                                        "Plans": [
                                                                          {
                                                                            "Node Type": "Seq Scan",
                                                                            "Parent Relationship": "Outer",
                                                                            "Parallel Aware": false,
                                                                            "Async Capable": false,
                                                                            "Relation Name": "kind_type",
                                                                            "Alias": "kt1",
                                                                            "Startup Cost": 0.0,
                                                                            "Total Cost": 22.75,
                                                                            "Plan Rows": 5,
                                                                            "Plan Width": 4,
                                                                            "Actual Startup Time": 0.002,
                                                                            "Actual Total Time": 0.003,
                                                                            "Actual Rows": 1,
                                                                            "Actual Loops": 3,
                                                                            "Filter": "((kind)::text = 'tv series'::text)",
                                                                            "Rows Removed by Filter": 6,
                                                                            "Workers": []
                                                                          }
                                                                        ]
                                                                      }
                                                                    ]
                                                                  },
                                                                  {
                                                                    "Node Type": "Hash",
                                                                    "Parent Relationship": "Inner",
                                                                    "Parallel Aware": false,
                                                                    "Async Capable": false,
                                                                    "Startup Cost": 22.75,
                                                                    "Total Cost": 22.75,
                                                                    "Plan Rows": 5,
                                                                    "Plan Width": 4,
                                                                    "Actual Startup Time": 0.015,
                                                                    "Actual Total Time": 0.015,
                                                                    "Actual Rows": 1,
                                                                    "Actual Loops": 3,
                                                                    "Hash Buckets": 1024,
                                                                    "Original Hash Buckets": 1024,
                                                                    "Hash Batches": 1,
                                                                    "Original Hash Batches": 1,
                                                                    "Peak Memory Usage": 9,
                                                                    "Workers": [],
                                                                    "Plans": [
                                                                      {
                                                                        "Node Type": "Seq Scan",
                                                                        "Parent Relationship": "Outer",
                                                                        "Parallel Aware": false,
                                                                        "Async Capable": false,
                                                                        "Relation Name": "kind_type",
                                                                        "Alias": "kt2",
                                                                        "Startup Cost": 0.0,
                                                                        "Total Cost": 22.75,
                                                                        "Plan Rows": 5,
                                                                        "Plan Width": 4,
                                                                        "Actual Startup Time": 0.01,
                                                                        "Actual Total Time": 0.011,
                                                                        "Actual Rows": 1,
                                                                        "Actual Loops": 3,
                                                                        "Filter": "((kind)::text = 'tv series'::text)",
                                                                        "Rows Removed by Filter": 6,
                                                                        "Workers": []
                                                                      }
                                                                    ]
                                                                  }
                                                                ]
                                                              }
                                                            ]
                                                          }
                                                        ]
                                                      }
                                                    ]
                                                  }
                                                ]
                                              }
                                            ]
                                          }
                                        ]
                                      }
                                    ]
                                  }
                                ]
                              }
                            ]
                          }
                        ]
                      }
                    ]
                  }
                ]
              }
            ]
          }
        ]
      },
      "Planning Time": 1.102,
      "Triggers": [],
      "Execution Time": 1565.933
    }
  ]
