
[{
    "Plan": {
        "Node Type": "Aggregate",
        "Strategy": "Plain",
        "Partial Mode": "Simple",
        "Parallel Aware": false,
        "Async Capable": false,
        "Startup Cost": 54787.57,
        "Total Cost": 54787.58,
        "Plan Rows": 1,
        "Plan Width": 8,
        "Actual Startup Time": 319.468,
        "Actual Total Time": 320.876,
        "Actual Rows": 1,
        "Actual Loops": 1,
        "Plans": [
        {
            "Node Type": "Gather",
            "Parent Relationship": "Outer",
            "Parallel Aware": false,
            "Async Capable": false,
            "Startup Cost": 38945.17,
            "Total Cost": 54787.57,
            "Plan Rows": 1,
            "Plan Width": 0,
            "Actual Startup Time": 319.167,
            "Actual Total Time": 320.864,
            "Actual Rows": 143,
            "Actual Loops": 1,
            "Workers Planned": 2,
            "Workers Launched": 2,
            "Single Copy": false,
            "Plans": [
            {
                "Node Type": "Nested Loop",
                "Parent Relationship": "Outer",
                "Parallel Aware": false,
                "Async Capable": false,
                "Join Type": "Inner",
                "Startup Cost": 37945.17,
                "Total Cost": 53787.47,
                "Plan Rows": 1,
                "Plan Width": 0,
                "Actual Startup Time": 316.955,
                "Actual Total Time": 316.997,
                "Actual Rows": 48,
                "Actual Loops": 3,
                "Inner Unique": true,
                "Workers": [],
                "Plans": [
                {
                    "Node Type": "Hash Join",
                    "Parent Relationship": "Outer",
                    "Parallel Aware": true,
                    "Async Capable": false,
                    "Join Type": "Inner",
                    "Startup Cost": 37945.02,
                    "Total Cost": 53786.55,
                    "Plan Rows": 20,
                    "Plan Width": 4,
                    "Actual Startup Time": 234.259,
                    "Actual Total Time": 312.327,
                    "Actual Rows": 20718,
                    "Actual Loops": 3,
                    "Inner Unique": false,
                    "Hash Cond": "(mi_idx.movie_id = t.id)",
                    "Workers": [],
                    "Plans": [
                    {
                        "Node Type": "Seq Scan",
                        "Parent Relationship": "Outer",
                        "Parallel Aware": true,
                        "Async Capable": false,
                        "Relation Name": "movie_info_idx",
                        "Alias": "mi_idx",
                        "Startup Cost": 0.0,
                        "Total Cost": 13685.15,
                        "Plan Rows": 575015,
                        "Plan Width": 8,
                        "Actual Startup Time": 0.035,
                        "Actual Total Time": 32.746,
                        "Actual Rows": 460012,
                        "Actual Loops": 3,
                        "Workers": []
                    },
                    {
                        "Node Type": "Hash",
                        "Parent Relationship": "Inner",
                        "Parallel Aware": true,
                        "Async Capable": false,
                        "Startup Cost": 37944.57,
                        "Total Cost": 37944.57,
                        "Plan Rows": 36,
                        "Plan Width": 8,
                        "Actual Startup Time": 233.401,
                        "Actual Total Time": 233.403,
                        "Actual Rows": 9568,
                        "Actual Loops": 3,
                        "Hash Buckets": 32768,
                        "Original Hash Buckets": 1024,
                        "Hash Batches": 1,
                        "Original Hash Batches": 1,
                        "Peak Memory Usage": 1688,
                        "Workers": [],
                        "Plans": [
                        {
                            "Node Type": "Nested Loop",
                            "Parent Relationship": "Outer",
                            "Parallel Aware": false,
                            "Async Capable": false,
                            "Join Type": "Inner",
                            "Startup Cost": 19.36,
                            "Total Cost": 37944.57,
                            "Plan Rows": 36,
                            "Plan Width": 8,
                            "Actual Startup Time": 144.094,
                            "Actual Total Time": 214.126,
                            "Actual Rows": 9568,
                            "Actual Loops": 3,
                            "Inner Unique": true,
                            "Workers": [],
                            "Plans": [
                            {
                                "Node Type": "Hash Join",
                                "Parent Relationship": "Outer",
                                "Parallel Aware": false,
                                "Async Capable": false,
                                "Join Type": "Inner",
                                "Startup Cost": 18.93,
                                "Total Cost": 37850.7,
                                "Plan Rows": 36,
                                "Plan Width": 4,
                                "Actual Startup Time": 144.058,
                                "Actual Total Time": 188.891,
                                "Actual Rows": 9568,
                                "Actual Loops": 3,
                                "Inner Unique": true,
                                "Hash Cond": "(mc.company_type_id = ct.id)",
                                "Workers": [],
                                "Plans": [
                                {
                                    "Node Type": "Seq Scan",
                                    "Parent Relationship": "Outer",
                                    "Parallel Aware": true,
                                    "Async Capable": false,
                                    "Relation Name": "movie_companies",
                                    "Alias": "mc",
                                    "Startup Cost": 0.0,
                                    "Total Cost": 37814.9,
                                    "Plan Rows": 6392,
                                    "Plan Width": 8,
                                    "Actual Startup Time": 21.431,
                                    "Actual Total Time": 187.187,
                                    "Actual Rows": 9645,
                                    "Actual Loops": 3,
                                    "Filter": "(((note)::text !~~ '%(as metro-goldwyn-mayer pictures)%'::text) AND (((note)::text ~~ '%(co-production)%'::text) OR ((note)::text ~~ '%(presents)%''::text)))",
                                    "Rows Removed by Filter": 860065,
                                    "Workers": []
                                },
                                {
                                    "Node Type": "Hash",
                                    "Parent Relationship": "Inner",
                                    "Parallel Aware": false,
                                    "Async Capable": false,
                                    "Startup Cost": 18.88,
                                    "Total Cost": 18.88,
                                    "Plan Rows": 4,
                                    "Plan Width": 4,
                                    "Actual Startup Time": 0.024,
                                    "Actual Total Time": 0.025,
                                    "Actual Rows": 1,
                                    "Actual Loops": 3,
                                    "Hash Buckets": 1024,
                                    "Original Hash Buckets": 1024,
                                    "Hash Batches": 1,
                                    "Original Hash Batches": 1,
                                    "Peak Memory Usage": 9,
                                    "Workers": [],
                                    "Plans": [
                                    {
                                        "Node Type": "Seq Scan",
                                        "Parent Relationship": "Outer",
                                        "Parallel Aware": false,
                                        "Async Capable": false,
                                        "Relation Name": "company_type",
                                        "Alias": "ct",
                                        "Startup Cost": 0.0,
                                        "Total Cost": 18.88,
                                        "Plan Rows": 4,
                                        "Plan Width": 4,
                                        "Actual Startup Time": 0.018,
                                        "Actual Total Time": 0.019,
                                        "Actual Rows": 1,
                                        "Actual Loops": 3,
                                        "Filter": "((kind)::text = 'production companies'::text)",
                                        "Rows Removed by Filter": 3,
                                        "Workers": []
                                    }]
                                }]
                            },
                            {
                                "Node Type": "Index Only Scan",
                                "Parent Relationship": "Inner",
                                "Parallel Aware": false,
                                "Async Capable": false,
                                "Scan Direction": "Forward",
                                "Index Name": "title_pkey",
                                "Relation Name": "title",
                                "Alias": "t",
                                "Startup Cost": 0.43,
                                "Total Cost": 2.61,
                                "Plan Rows": 1,
                                "Plan Width": 4,
                                "Actual Startup Time": 0.002,
                                "Actual Total Time": 0.002,
                                "Actual Rows": 1,
                                "Actual Loops": 28703,
                                "Index Cond": "(id = mc.movie_id)",
                                "Rows Removed by Index Recheck": 0,
                                "Heap Fetches": 0,
                                "Workers": []
                            }]
                        }]
                    }]
                },
                {
                    "Node Type": "Memoize",
                    "Parent Relationship": "Inner",
                    "Parallel Aware": false,
                    "Async Capable": false,
                    "Startup Cost": 0.15,
                    "Total Cost": 0.17,
                    "Plan Rows": 1,
                    "Plan Width": 4,
                    "Actual Startup Time": 0.0,
                    "Actual Total Time": 0.0,
                    "Actual Rows": 0,
                    "Actual Loops": 62153,
                    "Cache Key": "mi_idx.info_type_id",
                    "Cache Mode": "logical",
                    "Cache Hits": 20759,
                    "Cache Misses": 5,
                    "Cache Evictions": 0,
                    "Cache Overflows": 0,
                    "Peak Memory Usage": 1,
                    "Workers": [
                    {
                        "Worker Number": 0,
                        "Cache Hits": 20650,
                        "Cache Misses": 4,
                        "Cache Evictions": 0,
                        "Cache Overflows": 0,
                        "Peak Memory Usage": 1
                    },
                    {
                        "Worker Number": 1,
                        "Cache Hits": 20732,
                        "Cache Misses": 3,
                        "Cache Evictions": 0,
                        "Cache Overflows": 0,
                        "Peak Memory Usage": 1
                    }],
                    "Plans": [
                    {
                        "Node Type": "Index Scan",
                        "Parent Relationship": "Outer",
                        "Parallel Aware": false,
                        "Async Capable": false,
                        "Scan Direction": "Forward",
                        "Index Name": "info_type_pkey",
                        "Relation Name": "info_type",
                        "Alias": "it",
                        "Startup Cost": 0.14,
                        "Total Cost": 0.16,
                        "Plan Rows": 1,
                        "Plan Width": 4,
                        "Actual Startup Time": 0.006,
                        "Actual Total Time": 0.006,
                        "Actual Rows": 0,
                        "Actual Loops": 12,
                        "Index Cond": "(id = mi_idx.info_type_id)",
                        "Rows Removed by Index Recheck": 0,
                        "Filter": "((info)::text = 'top 250 rank'::text)",
                        "Rows Removed by Filter": 1,
                        "Workers": []
                    }]
                }]
            }]
        }]
    },
    "Planning Time": 1.043,
    "Triggers": [],
    "Execution Time": 320.984
}]
